<?xml version="1.0" encoding="UTF-8"?>
<coverage generated="1725372412748" clover="3.2.0">
  <project timestamp="1725372412748" name="All files">
    <metrics statements="54" coveredstatements="0" conditionals="9" coveredconditionals="0" methods="10" coveredmethods="0" elements="73" coveredelements="0" complexity="0" loc="54" ncloc="54" packages="1" files="2" classes="2"/>
    <file name="index.vue" path="/Users/urassh/Documents/NuxtProjects/lottery/pages/index.vue">
      <metrics statements="26" coveredstatements="0" conditionals="0" coveredconditionals="0" methods="5" coveredmethods="0"/>
      <line num="3" count="0" type="stmt"/>
      <line num="6" count="0" type="stmt"/>
      <line num="7" count="0" type="stmt"/>
      <line num="8" count="0" type="stmt"/>
      <line num="9" count="0" type="stmt"/>
      <line num="12" count="0" type="stmt"/>
      <line num="13" count="0" type="stmt"/>
      <line num="14" count="0" type="stmt"/>
      <line num="15" count="0" type="stmt"/>
      <line num="17" count="0" type="stmt"/>
      <line num="19" count="0" type="stmt"/>
      <line num="20" count="0" type="stmt"/>
      <line num="21" count="0" type="stmt"/>
      <line num="28" count="0" type="stmt"/>
      <line num="33" count="0" type="stmt"/>
      <line num="37" count="0" type="stmt"/>
      <line num="41" count="0" type="stmt"/>
      <line num="42" count="0" type="stmt"/>
      <line num="43" count="0" type="stmt"/>
      <line num="44" count="0" type="stmt"/>
      <line num="45" count="0" type="stmt"/>
      <line num="46" count="0" type="stmt"/>
      <line num="47" count="0" type="stmt"/>
      <line num="49" count="0" type="stmt"/>
      <line num="68" count="0" type="stmt"/>
      <line num="77" count="0" type="stmt"/>
    </file>
    <file name="result.vue" path="/Users/urassh/Documents/NuxtProjects/lottery/pages/result.vue">
      <metrics statements="28" coveredstatements="0" conditionals="9" coveredconditionals="0" methods="5" coveredmethods="0"/>
      <line num="3" count="0" type="cond" truecount="0" falsecount="3"/>
      <line num="4" count="0" type="cond" truecount="0" falsecount="4"/>
      <line num="8" count="0" type="stmt"/>
      <line num="11" count="0" type="stmt"/>
      <line num="12" count="0" type="stmt"/>
      <line num="13" count="0" type="stmt"/>
      <line num="14" count="0" type="stmt"/>
      <line num="15" count="0" type="stmt"/>
      <line num="18" count="0" type="stmt"/>
      <line num="19" count="0" type="stmt"/>
      <line num="20" count="0" type="stmt"/>
      <line num="21" count="0" type="cond" truecount="0" falsecount="2"/>
      <line num="22" count="0" type="stmt"/>
      <line num="23" count="0" type="stmt"/>
      <line num="31" count="0" type="stmt"/>
      <line num="35" count="0" type="stmt"/>
      <line num="39" count="0" type="stmt"/>
      <line num="43" count="0" type="stmt"/>
      <line num="44" count="0" type="stmt"/>
      <line num="45" count="0" type="stmt"/>
      <line num="46" count="0" type="stmt"/>
      <line num="47" count="0" type="stmt"/>
      <line num="48" count="0" type="stmt"/>
      <line num="49" count="0" type="stmt"/>
      <line num="51" count="0" type="stmt"/>
      <line num="52" count="0" type="stmt"/>
      <line num="60" count="0" type="stmt"/>
      <line num="68" count="0" type="stmt"/>
    </file>
  </project>
</coverage>
