{"/Users/urassh/Documents/NuxtProjects/lottery/pages/index.vue": {"path":"/Users/urassh/Documents/NuxtProjects/lottery/pages/index.vue","statementMap":{"0":{"start":{"line":3,"column":0},"end":{"line":5,"column":3}},"1":{"start":{"line":6,"column":12},"end":{"line":6,"column":26}},"2":{"start":{"line":7,"column":16},"end":{"line":7,"column":48}},"3":{"start":{"line":8,"column":19},"end":{"line":8,"column":40}},"4":{"start":{"line":9,"column":0},"end":{"line":51,"column":3}},"5":{"start":{"line":12,"column":19},"end":{"line":12,"column":28}},"6":{"start":{"line":13,"column":4},"end":{"line":13,"column":15}},"7":{"start":{"line":14,"column":18},"end":{"line":16,"column":6}},"8":{"start":{"line":15,"column":6},"end":{"line":15,"column":16}},"9":{"start":{"line":17,"column":17},"end":{"line":17,"column":46}},"10":{"start":{"line":19,"column":23},"end":{"line":19,"column":52}},"11":{"start":{"line":20,"column":6},"end":{"line":20,"column":37}},"12":{"start":{"line":21,"column":6},"end":{"line":26,"column":9}},"13":{"start":{"line":29,"column":6},"end":{"line":31,"column":7}},"14":{"start":{"line":30,"column":8},"end":{"line":30,"column":21}},"15":{"start":{"line":33,"column":4},"end":{"line":35,"column":7}},"16":{"start":{"line":34,"column":6},"end":{"line":34,"column":52}},"17":{"start":{"line":36,"column":4},"end":{"line":38,"column":7}},"18":{"start":{"line":37,"column":6},"end":{"line":37,"column":55}},"19":{"start":{"line":39,"column":23},"end":{"line":44,"column":5}},"20":{"start":{"line":45,"column":4},"end":{"line":48,"column":7}},"21":{"start":{"line":49,"column":4},"end":{"line":49,"column":24}},"22":{"start":{"line":53,"column":0},"end":{"line":53,"column":62}},"23":{"start":{"line":54,"column":0},"end":{"line":54,"column":24}},"24":{"start":{"line":55,"column":12},"end":{"line":55,"column":26}},"25":{"start":{"line":56,"column":17},"end":{"line":56,"column":70}},"26":{"start":{"line":57,"column":31},"end":{"line":57,"column":144}},"27":{"start":{"line":58,"column":31},"end":{"line":58,"column":152}},"28":{"start":{"line":59,"column":17},"end":{"line":59,"column":44}},"29":{"start":{"line":60,"column":31},"end":{"line":60,"column":98}},"30":{"start":{"line":61,"column":17},"end":{"line":61,"column":51}},"31":{"start":{"line":63,"column":4},"end":{"line":89,"column":8}},"32":{"start":{"line":84,"column":24},"end":{"line":84,"column":159}},"33":{"start":{"line":91,"column":1},"end":{"line":91,"column":48}}},"fnMap":{"0":{"name":"(anonymous_0)","decl":{"start":{"line":11,"column":9},"end":{"line":11,"column":10}},"loc":{"start":{"line":11,"column":32},"end":{"line":50,"column":3}},"line":11},"1":{"name":"(anonymous_1)","decl":{"start":{"line":14,"column":55},"end":{"line":14,"column":56}},"loc":{"start":{"line":14,"column":67},"end":{"line":16,"column":5}},"line":14},"2":{"name":"drawNumber","decl":{"start":{"line":18,"column":13},"end":{"line":18,"column":23}},"loc":{"start":{"line":18,"column":26},"end":{"line":27,"column":5}},"line":18},"3":{"name":"handleKeyup","decl":{"start":{"line":28,"column":13},"end":{"line":28,"column":24}},"loc":{"start":{"line":28,"column":32},"end":{"line":32,"column":5}},"line":28},"4":{"name":"(anonymous_4)","decl":{"start":{"line":33,"column":14},"end":{"line":33,"column":15}},"loc":{"start":{"line":33,"column":26},"end":{"line":35,"column":5}},"line":33},"5":{"name":"(anonymous_5)","decl":{"start":{"line":36,"column":16},"end":{"line":36,"column":17}},"loc":{"start":{"line":36,"column":28},"end":{"line":38,"column":5}},"line":36},"6":{"name":"render","decl":{"start":{"line":62,"column":9},"end":{"line":62,"column":15}},"loc":{"start":{"line":62,"column":63},"end":{"line":90,"column":1}},"line":62},"7":{"name":"(anonymous_7)","decl":{"start":{"line":83,"column":139},"end":{"line":83,"column":140}},"loc":{"start":{"line":83,"column":164},"end":{"line":85,"column":21}},"line":83}},"branchMap":{"0":{"loc":{"start":{"line":29,"column":6},"end":{"line":31,"column":7}},"type":"if","locations":[{"start":{"line":29,"column":6},"end":{"line":31,"column":7}},{"start":{},"end":{}}],"line":29}},"s":{"0":0,"1":0,"2":0,"3":0,"4":0,"5":0,"6":0,"7":0,"8":0,"9":0,"10":0,"11":0,"12":0,"13":0,"14":0,"15":0,"16":0,"17":0,"18":0,"19":0,"20":0,"21":0,"22":0,"23":0,"24":0,"25":0,"26":0,"27":0,"28":0,"29":0,"30":0,"31":0,"32":0,"33":0},"f":{"0":0,"1":0,"2":0,"3":0,"4":0,"5":0,"6":0,"7":0},"b":{"0":[0,0]},"inputSourceMap":{"0":"{","1":"\"","2":"v","3":"e","4":"r","5":"s","6":"i","7":"o","8":"n","9":"\"","10":":","11":"3","12":",","13":"\"","14":"s","15":"o","16":"u","17":"r","18":"c","19":"e","20":"s","21":"\"","22":":","23":"[","24":"\"","25":"/","26":"U","27":"s","28":"e","29":"r","30":"s","31":"/","32":"u","33":"r","34":"a","35":"s","36":"s","37":"h","38":"/","39":"D","40":"o","41":"c","42":"u","43":"m","44":"e","45":"n","46":"t","47":"s","48":"/","49":"N","50":"u","51":"x","52":"t","53":"P","54":"r","55":"o","56":"j","57":"e","58":"c","59":"t","60":"s","61":"/","62":"l","63":"o","64":"t","65":"t","66":"e","67":"r","68":"y","69":"/","70":"p","71":"a","72":"g","73":"e","74":"s","75":"/","76":"i","77":"n","78":"d","79":"e","80":"x","81":".","82":"v","83":"u","84":"e","85":"\"","86":"]","87":",","88":"\"","89":"n","90":"a","91":"m","92":"e","93":"s","94":"\"","95":":","96":"[","97":"]","98":",","99":"\"","100":"m","101":"a","102":"p","103":"p","104":"i","105":"n","106":"g","107":"s","108":"\"","109":":","110":"\"","111":";","112":";","113":"A","114":"A","115":"C","116":"A","117":",","118":"M","119":"A","120":"A","121":"M","122":",","123":"C","124":"A","125":"A","126":"C","127":",","128":"c","129":"A","130":"A","131":"c","132":",","133":"C","134":"A","135":"A","136":"C","137":",","138":"O","139":"A","140":"A","141":"O","142":",","143":"E","144":"A","145":"A","146":"E","147":",","148":"Y","149":"A","150":"A","151":"Y","152":",","153":"E","154":"A","155":"A","156":"E","157":";","158":"E","159":"A","160":"A","161":"E","162":",","163":"K","164":"A","165":"A","166":"K","167":",","168":"E","169":"A","170":"A","171":"E","172":";","173":"A","174":"A","175":"A","176":"K","177":",","178":"C","179":"A","180":"A","181":"C","182":",","183":"C","184":"A","185":"A","186":"C","187":";","188":"A","189":"A","190":"C","191":"7","192":"D","193":",","194":"I","195":"A","196":"A","197":"I","198":",","199":"K","200":"A","201":"A","202":"K","203":",","204":"G","205":"A","206":"A","207":"G","208":",","209":"O","210":"A","211":"A","212":"O","213":",","214":"C","215":"A","216":"A","217":"C","218":",","219":"K","220":"A","221":"A","222":"K","223":",","224":"C","225":"A","226":"A","227":"C","228":";","229":"A","230":"A","231":"C","232":"1","233":"B","234":",","235":"I","236":"A","237":"A","238":"I","239":",","240":"S","241":"A","242":"A","243":"S","244":",","245":"G","246":"A","247":"A","248":"G","249":",","250":"O","251":"A","252":"A","253":"O","254":",","255":"C","256":"A","257":"A","258":"C","259":",","260":"u","261":"B","262":"A","263":"A","264":"u","265":"B","266":",","267":"C","268":"A","269":"A","270":"C","271":";","272":";","273":";","274":";","275":";","276":";","277":"I","278":"A","279":"H","280":"x","281":"C","282":",","283":"Q","284":"A","285":"A","286":"Q","287":",","288":"C","289":"A","290":"A","291":"C","292":",","293":"C","294":"A","295":"A","296":"C","297":";","298":"I","299":"A","300":"I","301":"V","302":",","303":"I","304":"A","305":"A","306":"I","307":",","308":"O","309":"A","310":"A","311":"O","312":",","313":"G","314":"A","315":"A","316":"G","317":",","318":"C","319":"A","320":"A","321":"C","322":",","323":"C","324":"A","325":"A","326":"C","327":",","328":"E","329":"A","330":"A","331":"E","332":",","333":"S","334":"A","335":"A","336":"S","337":",","338":"C","339":"A","340":"A","341":"C","342":",","343":"U","344":"A","345":"A","346":"U","347":",","348":"E","349":"A","350":"A","351":"E","352":",","353":"S","354":"A","355":"A","356":"S","357":",","358":"E","359":"A","360":"A","361":"E","362":",","363":"Y","364":"A","365":"A","366":"Y","367":";","368":"M","369":"A","370":"A","371":"E","372":",","373":"O","374":"A","375":"A","376":"O","377":",","378":"E","379":"A","380":"A","381":"E","382":";","383":"I","384":"A","385":"A","386":"E","387":",","388":"C","389":"A","390":"A","391":"C","392":",","393":"C","394":"A","395":"A","396":"C","397":";","398":"I","399":"A","400":"C","401":"9","402":"E","403":",","404":"I","405":"A","406":"A","407":"I","408":",","409":"M","410":"A","411":"A","412":"M","413":",","414":"G","415":"A","416":"A","417":"G","418":",","419":"C","420":"A","421":"A","422":"C","423":",","424":"C","425":"A","426":"A","427":"C","428":",","429":"E","430":"A","431":"A","432":"E","433":",","434":"Y","435":"A","436":"A","437":"Y","438":",","439":"C","440":"A","441":"A","442":"C","443":",","444":"S","445":"A","446":"A","447":"S","448":",","449":"E","450":"A","451":"A","452":"E","453":",","454":"C","455":"A","456":"A","457":"C","458":";","459":"I","460":"A","461":"C","462":"1","463":"C","464":",","465":"S","466":"A","467":"A","468":"S","469":",","470":"U","471":"A","472":"A","473":"U","474":",","475":"G","476":"A","477":"A","478":"G","479":";","480":"M","481":"A","482":"C","483":"l","484":"B","485":",","486":"I","487":"A","488":"A","489":"I","490":",","491":"U","492":"A","493":"A","494":"U","495":",","496":"G","497":"A","498":"A","499":"G","500":",","501":"c","502":"A","503":"A","504":"c","505":",","506":"C","507":"A","508":"A","509":"C","510":",","511":"O","512":"A","513":"A","514":"O","515":",","516":"C","517":"A","518":"A","519":"C","520":",","521":"K","522":"A","523":"A","524":"K","525":",","526":"C","527":"A","528":"A","529":"C","530":";","531":"M","532":"A","533":"C","534":"9","535":"C","536":",","537":"O","538":"A","539":"A","540":"O","541":",","542":"C","543":"A","544":"A","545":"C","546":",","547":"K","548":"A","549":"A","550":"K","551":",","552":"C","553":"A","554":"A","555":"C","556":",","557":"I","558":"A","559":"A","560":"I","561":",","562":"C","563":"A","564":"A","565":"C","566":",","567":"U","568":"A","569":"A","570":"U","571":",","572":"C","573":"A","574":"A","575":"C","576":";","577":"M","578":"A","579":"C","580":"9","581":"B","582":",","583":"M","584":"A","585":"A","586":"M","587":",","588":"C","589":"A","590":"A","591":"C","592":",","593":"I","594":"A","595":"A","596":"I","597":",","598":"C","599":"A","600":"A","601":"C","602":";","603":"Q","604":"A","605":"A","606":"E","607":",","608":"I","609":"A","610":"A","611":"I","612":",","613":"E","614":"A","615":"A","616":"E","617":",","618":"S","619":"A","620":"A","621":"S","622":";","623":"Q","624":"A","625":"A","626":"E","627":",","628":"K","629":"A","630":"A","631":"K","632":",","633":"E","634":"A","635":"A","636":"E","637":";","638":"U","639":"A","640":"A","641":"E","642":",","643":"M","644":"A","645":"A","646":"M","647":",","648":"E","649":"A","650":"A","651":"E","652":";","653":"Q","654":"A","655":"A","656":"W","657":";","658":"M","659":"A","660":"A","661":"E","662":",","663":"C","664":"A","665":"A","666":"C","667":",","668":"C","669":"A","670":"A","671":"C","672":";","673":"I","674":"A","675":"C","676":"n","677":"E","678":";","679":"I","680":"A","681":"C","682":"A","683":",","684":"S","685":"A","686":"A","687":"S","688":",","689":"W","690":"A","691":"A","692":"W","693":",","694":"C","695":"A","696":"A","697":"C","698":",","699":"K","700":"A","701":"A","702":"K","703":",","704":"E","705":"A","706":"A","707":"E","708":";","709":"M","710":"A","711":"C","712":"x","713":"B","714":",","715":"I","716":"A","717":"A","718":"I","719":",","720":"K","721":"A","722":"A","723":"K","724":",","725":"C","726":"A","727":"A","728":"C","729":",","730":"I","731":"A","732":"A","733":"I","734":",","735":"K","736":"A","737":"A","738":"K","739":",","740":"O","741":"A","742":"A","743":"O","744":",","745":"E","746":"A","747":"A","748":"E","749":";","750":"Q","751":"A","752":"C","753":"x","754":"B","755":",","756":"U","757":"A","758":"A","759":"U","760":",","761":"C","762":"A","763":"A","764":"C","765":",","766":"C","767":"A","768":"A","769":"C","770":";","771":"M","772":"A","773":"C","774":"h","775":"B","776":";","777":"I","778":"A","779":"C","780":"J","781":";","782":"I","783":"A","784":"C","785":"A","786":",","787":"S","788":"A","789":"A","790":"S","791":",","792":"C","793":"A","794":"A","795":"C","796":",","797":"Y","798":"A","799":"A","800":"Y","801":";","802":"M","803":"A","804":"C","805":"l","806":"B","807":",","808":"M","809":"A","810":"A","811":"M","812":",","813":"C","814":"A","815":"A","816":"C","817":",","818":"g","819":"B","820":"A","821":"A","822":"g","823":"B","824":",","825":"C","826":"A","827":"A","828":"C","829":",","830":"O","831":"A","832":"A","833":"O","834":",","835":"E","836":"A","837":"A","838":"E","839":",","840":"W","841":"A","842":"A","843":"W","844":",","845":"C","846":"A","847":"A","848":"C","849":";","850":"I","851":"A","852":"C","853":"j","854":"D","855":",","856":"C","857":"A","858":"A","859":"C","860":",","861":"C","862":"A","863":"A","864":"C","865":";","866":"I","867":"A","868":"C","869":"F","870":",","871":"W","872":"A","873":"A","874":"W","875":",","876":"C","877":"A","878":"A","879":"C","880":",","881":"Y","882":"A","883":"A","884":"Y","885":";","886":"M","887":"A","888":"C","889":"p","890":"B","891":",","892":"M","893":"A","894":"A","895":"M","896":",","897":"C","898":"A","899":"A","900":"C","901":",","902":"m","903":"B","904":"A","905":"A","906":"m","907":"B","908":",","909":"C","910":"A","911":"A","912":"C","913":",","914":"O","915":"A","916":"A","917":"O","918":",","919":"E","920":"A","921":"A","922":"E","923":",","924":"W","925":"A","926":"A","927":"W","928":",","929":"C","930":"A","931":"A","932":"C","933":";","934":"I","935":"A","936":"C","937":"p","938":"D","939":",","940":"C","941":"A","942":"A","943":"C","944":",","945":"C","946":"A","947":"A","948":"C","949":";","950":"I","951":"A","952":"C","953":"F","954":",","955":"I","956":"A","957":"A","958":"I","959":",","960":"Y","961":"A","962":"A","963":"Y","964":",","965":"G","966":"A","967":"A","968":"G","969":";","970":"M","971":"A","972":"A","973":"E","974":",","975":"O","976":"A","977":"A","978":"O","979":",","980":"E","981":"A","982":"A","983":"E","984":",","985":"O","986":"A","987":"A","988":"O","989":";","990":"M","991":"A","992":"A","993":"E","994":",","995":"M","996":"A","997":"A","998":"M","999":",","1000":"E","1001":"A","1002":"A","1003":"E","1004":",","1005":"M","1006":"A","1007":"A","1008":"M","1009":";","1010":"M","1011":"A","1012":"A","1013":"E","1014":",","1015":"U","1016":"A","1017":"A","1018":"U","1019":",","1020":"E","1021":"A","1022":"A","1023":"E","1024":",","1025":"U","1026":"A","1027":"A","1028":"U","1029":";","1030":"M","1031":"A","1032":"A","1033":"E","1034":",","1035":"W","1036":"A","1037":"A","1038":"W","1039":",","1040":"E","1041":"A","1042":"A","1043":"E","1044":";","1045":"I","1046":"A","1047":"A","1048":"Y","1049":",","1050":"C","1051":"A","1052":"A","1053":"C","1054":";","1055":"I","1056":"A","1057":"C","1058":"z","1059":"G","1060":",","1061":"M","1062":"A","1063":"A","1064":"M","1065":",","1066":"C","1067":"A","1068":"A","1069":"C","1070":",","1071":"c","1072":"A","1073":"A","1074":"c","1075":",","1076":"C","1077":"A","1078":"A","1079":"C","1080":",","1081":"Y","1082":"A","1083":"A","1084":"Y","1085":",","1086":"E","1087":"A","1088":"A","1089":"E","1090":",","1091":"i","1092":"B","1093":"A","1094":"A","1095":"i","1096":"B","1097":",","1098":"E","1099":"A","1100":"A","1101":"E","1102":";","1103":"M","1104":"A","1105":"A","1106":"E","1107":",","1108":"U","1109":"A","1110":"A","1111":"U","1112":",","1113":"E","1114":"A","1115":"A","1116":"E","1117":",","1118":"K","1119":"A","1120":"A","1121":"K","1122":";","1123":"M","1124":"A","1125":"A","1126":"E","1127":",","1128":"K","1129":"A","1130":"A","1131":"K","1132":",","1133":"E","1134":"A","1135":"A","1136":"E","1137":";","1138":"I","1139":"A","1140":"A","1141":"K","1142":",","1143":"C","1144":"A","1145":"A","1146":"C","1147":",","1148":"C","1149":"A","1150":"A","1151":"C","1152":";","1153":"I","1154":"A","1155":"C","1156":"1","1157":"F","1158":",","1159":"O","1160":"A","1161":"A","1162":"O","1163":",","1164":"Y","1165":"A","1166":"A","1167":"Y","1168":";","1169":"E","1170":"A","1171":"C","1172":"v","1173":"B","1174":";","1175":"A","1176":"A","1177":"C","1178":"J","1179":",","1180":"C","1181":"A","1182":"A","1183":"C","1184":",","1185":"C","1186":"A","1187":"A","1188":"C","1189":"\"","1190":",","1191":"\"","1192":"f","1193":"i","1194":"l","1195":"e","1196":"\"","1197":":","1198":"\"","1199":"/","1200":"U","1201":"s","1202":"e","1203":"r","1204":"s","1205":"/","1206":"u","1207":"r","1208":"a","1209":"s","1210":"s","1211":"h","1212":"/","1213":"D","1214":"o","1215":"c","1216":"u","1217":"m","1218":"e","1219":"n","1220":"t","1221":"s","1222":"/","1223":"N","1224":"u","1225":"x","1226":"t","1227":"P","1228":"r","1229":"o","1230":"j","1231":"e","1232":"c","1233":"t","1234":"s","1235":"/","1236":"l","1237":"o","1238":"t","1239":"t","1240":"e","1241":"r","1242":"y","1243":"/","1244":"p","1245":"a","1246":"g","1247":"e","1248":"s","1249":"/","1250":"i","1251":"n","1252":"d","1253":"e","1254":"x","1255":".","1256":"v","1257":"u","1258":"e","1259":"\"","1260":",","1261":"\"","1262":"s","1263":"o","1264":"u","1265":"r","1266":"c","1267":"e","1268":"s","1269":"C","1270":"o","1271":"n","1272":"t","1273":"e","1274":"n","1275":"t","1276":"\"","1277":":","1278":"[","1279":"\"","1280":"<","1281":"s","1282":"c","1283":"r","1284":"i","1285":"p","1286":"t","1287":" ","1288":"s","1289":"e","1290":"t","1291":"u","1292":"p","1293":" ","1294":"l","1295":"a","1296":"n","1297":"g","1298":"=","1299":"\\","1300":"\"","1301":"t","1302":"s","1303":"\\","1304":"\"","1305":">","1306":"\\","1307":"n","1308":"i","1309":"m","1310":"p","1311":"o","1312":"r","1313":"t","1314":" ","1315":"{","1316":" ","1317":"u","1318":"s","1319":"e","1320":"P","1321":"e","1322":"r","1323":"s","1324":"i","1325":"s","1326":"t","1327":" ","1328":"}","1329":" ","1330":"f","1331":"r","1332":"o","1333":"m","1334":" ","1335":"'","1336":"~","1337":"/","1338":"c","1339":"o","1340":"m","1341":"p","1342":"o","1343":"s","1344":"a","1345":"b","1346":"l","1347":"e","1348":"s","1349":"/","1350":"p","1351":"e","1352":"r","1353":"s","1354":"i","1355":"s","1356":"t","1357":"'","1358":";","1359":"\\","1360":"n","1361":"i","1362":"m","1363":"p","1364":"o","1365":"r","1366":"t","1367":" ","1368":"{","1369":" ","1370":"u","1371":"s","1372":"e","1373":"R","1374":"o","1375":"u","1376":"t","1377":"e","1378":"r","1379":" ","1380":"}","1381":" ","1382":"f","1383":"r","1384":"o","1385":"m","1386":" ","1387":"'","1388":"v","1389":"u","1390":"e","1391":"-","1392":"r","1393":"o","1394":"u","1395":"t","1396":"e","1397":"r","1398":"'","1399":";","1400":"\\","1401":"n","1402":"\\","1403":"n","1404":"c","1405":"o","1406":"n","1407":"s","1408":"t","1409":" ","1410":"n","1411":"u","1412":"m","1413":"b","1414":"e","1415":"r","1416":"s","1417":" ","1418":"=","1419":" ","1420":"u","1421":"s","1422":"e","1423":"P","1424":"e","1425":"r","1426":"s","1427":"i","1428":"s","1429":"t","1430":"<","1431":"s","1432":"t","1433":"r","1434":"i","1435":"n","1436":"g","1437":"[","1438":"]","1439":">","1440":"(","1441":"'","1442":"n","1443":"u","1444":"m","1445":"b","1446":"e","1447":"r","1448":"s","1449":"'","1450":",","1451":" ","1452":"(","1453":")","1454":" ","1455":"=","1456":">","1457":" ","1458":"[","1459":"]","1460":")","1461":";","1462":"\\","1463":"n","1464":"c","1465":"o","1466":"n","1467":"s","1468":"t","1469":" ","1470":"r","1471":"o","1472":"u","1473":"t","1474":"e","1475":"r","1476":" ","1477":"=","1478":" ","1479":"u","1480":"s","1481":"e","1482":"R","1483":"o","1484":"u","1485":"t","1486":"e","1487":"r","1488":"(","1489":")","1490":";","1491":"\\","1492":"n","1493":"\\","1494":"n","1495":"f","1496":"u","1497":"n","1498":"c","1499":"t","1500":"i","1501":"o","1502":"n","1503":" ","1504":"d","1505":"r","1506":"a","1507":"w","1508":"N","1509":"u","1510":"m","1511":"b","1512":"e","1513":"r","1514":"(","1515":")","1516":" ","1517":"{","1518":"\\","1519":"n","1520":" ","1521":" ","1522":"c","1523":"o","1524":"n","1525":"s","1526":"t","1527":" ","1528":"d","1529":"r","1530":"e","1531":"w","1532":"N","1533":"u","1534":"m","1535":"b","1536":"e","1537":"r","1538":" ","1539":"=","1540":" ","1541":"n","1542":"u","1543":"m","1544":"b","1545":"e","1546":"r","1547":"P","1548":"r","1549":"o","1550":"v","1551":"i","1552":"d","1553":"e","1554":"r","1555":"(","1556":"n","1557":"u","1558":"m","1559":"b","1560":"e","1561":"r","1562":"s","1563":".","1564":"v","1565":"a","1566":"l","1567":"u","1568":"e","1569":")","1570":";","1571":"\\","1572":"n","1573":"\\","1574":"n","1575":" ","1576":" ","1577":"n","1578":"u","1579":"m","1580":"b","1581":"e","1582":"r","1583":"s","1584":".","1585":"v","1586":"a","1587":"l","1588":"u","1589":"e","1590":".","1591":"p","1592":"u","1593":"s","1594":"h","1595":"(","1596":"d","1597":"r","1598":"e","1599":"w","1600":"N","1601":"u","1602":"m","1603":"b","1604":"e","1605":"r","1606":")","1607":";","1608":"\\","1609":"n","1610":"\\","1611":"n","1612":" ","1613":" ","1614":"r","1615":"o","1616":"u","1617":"t","1618":"e","1619":"r","1620":".","1621":"p","1622":"u","1623":"s","1624":"h","1625":"(","1626":"{","1627":" ","1628":"p","1629":"a","1630":"t","1631":"h","1632":":","1633":" ","1634":"'","1635":"/","1636":"r","1637":"e","1638":"s","1639":"u","1640":"l","1641":"t","1642":"'","1643":",","1644":" ","1645":"q","1646":"u","1647":"e","1648":"r","1649":"y","1650":":","1651":" ","1652":"{","1653":" ","1654":"n","1655":"u","1656":"m","1657":"b","1658":"e","1659":"r","1660":":","1661":" ","1662":"d","1663":"r","1664":"e","1665":"w","1666":"N","1667":"u","1668":"m","1669":"b","1670":"e","1671":"r","1672":" ","1673":"}","1674":" ","1675":"}","1676":")","1677":";","1678":"\\","1679":"n","1680":"}","1681":"\\","1682":"n","1683":"\\","1684":"n","1685":"f","1686":"u","1687":"n","1688":"c","1689":"t","1690":"i","1691":"o","1692":"n","1693":" ","1694":"h","1695":"a","1696":"n","1697":"d","1698":"l","1699":"e","1700":"K","1701":"e","1702":"y","1703":"u","1704":"p","1705":"(","1706":"e","1707":"v","1708":"e","1709":"n","1710":"t","1711":":","1712":" ","1713":"K","1714":"e","1715":"y","1716":"b","1717":"o","1718":"a","1719":"r","1720":"d","1721":"E","1722":"v","1723":"e","1724":"n","1725":"t","1726":")","1727":" ","1728":"{","1729":"\\","1730":"n","1731":" ","1732":" ","1733":"i","1734":"f","1735":" ","1736":"(","1737":"e","1738":"v","1739":"e","1740":"n","1741":"t","1742":".","1743":"c","1744":"o","1745":"d","1746":"e","1747":" ","1748":"=","1749":"=","1750":"=","1751":" ","1752":"'","1753":"S","1754":"p","1755":"a","1756":"c","1757":"e","1758":"'","1759":")","1760":" ","1761":"{","1762":"\\","1763":"n","1764":" ","1765":" ","1766":" ","1767":" ","1768":"d","1769":"r","1770":"a","1771":"w","1772":"N","1773":"u","1774":"m","1775":"b","1776":"e","1777":"r","1778":"(","1779":")","1780":";","1781":"\\","1782":"n","1783":" ","1784":" ","1785":"}","1786":"\\","1787":"n","1788":"}","1789":"\\","1790":"n","1791":"\\","1792":"n","1793":"o","1794":"n","1795":"M","1796":"o","1797":"u","1798":"n","1799":"t","1800":"e","1801":"d","1802":"(","1803":"(","1804":")","1805":" ","1806":"=","1807":">","1808":" ","1809":"{","1810":"\\","1811":"n","1812":" ","1813":" ","1814":"w","1815":"i","1816":"n","1817":"d","1818":"o","1819":"w","1820":".","1821":"a","1822":"d","1823":"d","1824":"E","1825":"v","1826":"e","1827":"n","1828":"t","1829":"L","1830":"i","1831":"s","1832":"t","1833":"e","1834":"n","1835":"e","1836":"r","1837":"(","1838":"'","1839":"k","1840":"e","1841":"y","1842":"u","1843":"p","1844":"'","1845":",","1846":" ","1847":"h","1848":"a","1849":"n","1850":"d","1851":"l","1852":"e","1853":"K","1854":"e","1855":"y","1856":"u","1857":"p","1858":")","1859":";","1860":"\\","1861":"n","1862":"}","1863":")","1864":";","1865":"\\","1866":"n","1867":"\\","1868":"n","1869":"o","1870":"n","1871":"U","1872":"n","1873":"m","1874":"o","1875":"u","1876":"n","1877":"t","1878":"e","1879":"d","1880":"(","1881":"(","1882":")","1883":" ","1884":"=","1885":">","1886":" ","1887":"{","1888":"\\","1889":"n","1890":" ","1891":" ","1892":"w","1893":"i","1894":"n","1895":"d","1896":"o","1897":"w","1898":".","1899":"r","1900":"e","1901":"m","1902":"o","1903":"v","1904":"e","1905":"E","1906":"v","1907":"e","1908":"n","1909":"t","1910":"L","1911":"i","1912":"s","1913":"t","1914":"e","1915":"n","1916":"e","1917":"r","1918":"(","1919":"'","1920":"k","1921":"e","1922":"y","1923":"u","1924":"p","1925":"'","1926":",","1927":" ","1928":"h","1929":"a","1930":"n","1931":"d","1932":"l","1933":"e","1934":"K","1935":"e","1936":"y","1937":"u","1938":"p","1939":")","1940":";","1941":"\\","1942":"n","1943":"}","1944":")","1945":";","1946":"\\","1947":"n","1948":"\\","1949":"n","1950":"<","1951":"/","1952":"s","1953":"c","1954":"r","1955":"i","1956":"p","1957":"t","1958":">","1959":"\\","1960":"n","1961":"<","1962":"t","1963":"e","1964":"m","1965":"p","1966":"l","1967":"a","1968":"t","1969":"e","1970":">","1971":"\\","1972":"n","1973":" ","1974":" ","1975":"<","1976":"d","1977":"i","1978":"v","1979":" ","1980":"c","1981":"l","1982":"a","1983":"s","1984":"s","1985":"=","1986":"\\","1987":"\"","1988":"m","1989":"i","1990":"n","1991":"-","1992":"h","1993":"-","1994":"s","1995":"c","1996":"r","1997":"e","1998":"e","1999":"n","2000":" ","2001":"b","2002":"g","2003":"-","2004":"g","2005":"r","2006":"a","2007":"y","2008":"-","2009":"9","2010":"0","2011":"0","2012":" ","2013":"t","2014":"e","2015":"x","2016":"t","2017":"-","2018":"w","2019":"h","2020":"i","2021":"t","2022":"e","2023":" ","2024":"f","2025":"l","2026":"e","2027":"x","2028":" ","2029":"\\","2030":"\"","2031":">","2032":"\\","2033":"n","2034":" ","2035":" ","2036":" ","2037":" ","2038":"<","2039":"!","2040":"-","2041":"-","2042":" ","2043":"中","2044":"央","2045":"の","2046":"セ","2047":"ク","2048":"シ","2049":"ョ","2050":"ン","2051":" ","2052":"-","2053":"-","2054":">","2055":"\\","2056":"n","2057":" ","2058":" ","2059":" ","2060":" ","2061":"<","2062":"d","2063":"i","2064":"v","2065":" ","2066":"c","2067":"l","2068":"a","2069":"s","2070":"s","2071":"=","2072":"\\","2073":"\"","2074":"f","2075":"l","2076":"e","2077":"x","2078":"-","2079":"1","2080":" ","2081":"f","2082":"l","2083":"e","2084":"x","2085":" ","2086":"i","2087":"t","2088":"e","2089":"m","2090":"s","2091":"-","2092":"c","2093":"e","2094":"n","2095":"t","2096":"e","2097":"r","2098":" ","2099":"j","2100":"u","2101":"s","2102":"t","2103":"i","2104":"f","2105":"y","2106":"-","2107":"c","2108":"e","2109":"n","2110":"t","2111":"e","2112":"r","2113":"\\","2114":"\"","2115":">","2116":"\\","2117":"n","2118":" ","2119":" ","2120":" ","2121":" ","2122":" ","2123":" ","2124":"<","2125":"d","2126":"i","2127":"v","2128":" ","2129":"c","2130":"l","2131":"a","2132":"s","2133":"s","2134":"=","2135":"\\","2136":"\"","2137":"w","2138":"-","2139":"f","2140":"u","2141":"l","2142":"l","2143":" ","2144":"m","2145":"a","2146":"x","2147":"-","2148":"w","2149":"-","2150":"m","2151":"d","2152":" ","2153":"p","2154":"-","2155":"4","2156":" ","2157":"b","2158":"g","2159":"-","2160":"t","2161":"r","2162":"a","2163":"n","2164":"s","2165":"p","2166":"a","2167":"r","2168":"e","2169":"n","2170":"t","2171":"W","2172":"h","2173":"i","2174":"t","2175":"e","2176":" ","2177":"r","2178":"o","2179":"u","2180":"n","2181":"d","2182":"e","2183":"d","2184":"-","2185":"l","2186":"g","2187":"\\","2188":"\"","2189":">","2190":"\\","2191":"n","2192":" ","2193":" ","2194":" ","2195":" ","2196":" ","2197":" ","2198":" ","2199":" ","2200":"<","2201":"h","2202":"1","2203":" ","2204":"c","2205":"l","2206":"a","2207":"s","2208":"s","2209":"=","2210":"\\","2211":"\"","2212":"t","2213":"e","2214":"x","2215":"t","2216":"-","2217":"c","2218":"e","2219":"n","2220":"t","2221":"e","2222":"r","2223":" ","2224":"t","2225":"e","2226":"x","2227":"t","2228":"-","2229":"2","2230":"x","2231":"l","2232":" ","2233":"f","2234":"o","2235":"n","2236":"t","2237":"-","2238":"b","2239":"o","2240":"l","2241":"d","2242":" ","2243":"m","2244":"b","2245":"-","2246":"4","2247":"\\","2248":"\"","2249":">","2250":"中","2251":"夜","2252":"祭","2253":"・","2254":"抽","2255":"選","2256":"<","2257":"/","2258":"h","2259":"1","2260":">","2261":"\\","2262":"n","2263":"\\","2264":"n","2265":" ","2266":" ","2267":" ","2268":" ","2269":" ","2270":" ","2271":" ","2272":" ","2273":"<","2274":"!","2275":"-","2276":"-","2277":" ","2278":"抽","2279":"選","2280":"ボ","2281":"タ","2282":"ン","2283":"セ","2284":"ク","2285":"シ","2286":"ョ","2287":"ン","2288":" ","2289":"-","2290":"-","2291":">","2292":"\\","2293":"n","2294":" ","2295":" ","2296":" ","2297":" ","2298":" ","2299":" ","2300":" ","2301":" ","2302":"<","2303":"d","2304":"i","2305":"v","2306":">","2307":"\\","2308":"n","2309":" ","2310":" ","2311":" ","2312":" ","2313":" ","2314":" ","2315":" ","2316":" ","2317":" ","2318":" ","2319":"<","2320":"b","2321":"u","2322":"t","2323":"t","2324":"o","2325":"n","2326":" ","2327":"@","2328":"c","2329":"l","2330":"i","2331":"c","2332":"k","2333":"=","2334":"\\","2335":"\"","2336":"d","2337":"r","2338":"a","2339":"w","2340":"N","2341":"u","2342":"m","2343":"b","2344":"e","2345":"r","2346":"\\","2347":"\"","2348":" ","2349":"c","2350":"l","2351":"a","2352":"s","2353":"s","2354":"=","2355":"\\","2356":"\"","2357":"w","2358":"-","2359":"f","2360":"u","2361":"l","2362":"l","2363":" ","2364":"b","2365":"g","2366":"-","2367":"p","2368":"i","2369":"n","2370":"k","2371":"-","2372":"5","2373":"0","2374":"0","2375":" ","2376":"h","2377":"o","2378":"v","2379":"e","2380":"r","2381":":","2382":"b","2383":"g","2384":"-","2385":"p","2386":"i","2387":"n","2388":"k","2389":"-","2390":"7","2391":"0","2392":"0","2393":" ","2394":"t","2395":"e","2396":"x","2397":"t","2398":"-","2399":"w","2400":"h","2401":"i","2402":"t","2403":"e","2404":" ","2405":"f","2406":"o","2407":"n","2408":"t","2409":"-","2410":"b","2411":"o","2412":"l","2413":"d","2414":" ","2415":"p","2416":"y","2417":"-","2418":"2","2419":" ","2420":"p","2421":"x","2422":"-","2423":"4","2424":" ","2425":"r","2426":"o","2427":"u","2428":"n","2429":"d","2430":"e","2431":"d","2432":"\\","2433":"\"","2434":">","2435":"\\","2436":"n","2437":" ","2438":" ","2439":" ","2440":" ","2441":" ","2442":" ","2443":" ","2444":" ","2445":" ","2446":" ","2447":" ","2448":" ","2449":"抽","2450":"選","2451":"す","2452":"る","2453":"\\","2454":"n","2455":" ","2456":" ","2457":" ","2458":" ","2459":" ","2460":" ","2461":" ","2462":" ","2463":" ","2464":" ","2465":"<","2466":"/","2467":"b","2468":"u","2469":"t","2470":"t","2471":"o","2472":"n","2473":">","2474":"\\","2475":"n","2476":" ","2477":" ","2478":" ","2479":" ","2480":" ","2481":" ","2482":" ","2483":" ","2484":" ","2485":" ","2486":"<","2487":"p","2488":" ","2489":"c","2490":"l","2491":"a","2492":"s","2493":"s","2494":"=","2495":"\\","2496":"\"","2497":"t","2498":"e","2499":"x","2500":"t","2501":"-","2502":"c","2503":"e","2504":"n","2505":"t","2506":"e","2507":"r","2508":" ","2509":"t","2510":"e","2511":"x","2512":"t","2513":"-","2514":"s","2515":"m","2516":" ","2517":"t","2518":"e","2519":"x","2520":"t","2521":"-","2522":"g","2523":"r","2524":"a","2525":"y","2526":"-","2527":"4","2528":"0","2529":"0","2530":" ","2531":"m","2532":"t","2533":"-","2534":"4","2535":"\\","2536":"\"","2537":">","2538":"o","2539":"r","2540":" ","2541":"ス","2542":"ペ","2543":"ー","2544":"ス","2545":"キ","2546":"ー","2547":"で","2548":"抽","2549":"選","2550":"<","2551":"/","2552":"p","2553":">","2554":"\\","2555":"n","2556":" ","2557":" ","2558":" ","2559":" ","2560":" ","2561":" ","2562":" ","2563":" ","2564":"<","2565":"/","2566":"d","2567":"i","2568":"v","2569":">","2570":"\\","2571":"n","2572":" ","2573":" ","2574":" ","2575":" ","2576":" ","2577":" ","2578":"<","2579":"/","2580":"d","2581":"i","2582":"v","2583":">","2584":"\\","2585":"n","2586":" ","2587":" ","2588":" ","2589":" ","2590":"<","2591":"/","2592":"d","2593":"i","2594":"v","2595":">","2596":"\\","2597":"n","2598":"\\","2599":"n","2600":" ","2601":" ","2602":" ","2603":" ","2604":"<","2605":"!","2606":"-","2607":"-","2608":" ","2609":"抽","2610":"選","2611":"結","2612":"果","2613":"セ","2614":"ク","2615":"シ","2616":"ョ","2617":"ン","2618":" ","2619":"-","2620":"-","2621":">","2622":"\\","2623":"n","2624":" ","2625":" ","2626":" ","2627":" ","2628":"<","2629":"d","2630":"i","2631":"v","2632":" ","2633":"c","2634":"l","2635":"a","2636":"s","2637":"s","2638":"=","2639":"\\","2640":"\"","2641":"r","2642":"e","2643":"s","2644":"u","2645":"l","2646":"t","2647":"-","2648":"s","2649":"e","2650":"c","2651":"t","2652":"i","2653":"o","2654":"n","2655":"\\","2656":"\"","2657":">","2658":"\\","2659":"n","2660":" ","2661":" ","2662":" ","2663":" ","2664":" ","2665":" ","2666":"<","2667":"h","2668":"2","2669":">","2670":"抽","2671":"選","2672":"結","2673":"果","2674":"<","2675":"/","2676":"h","2677":"2","2678":">","2679":"\\","2680":"n","2681":" ","2682":" ","2683":" ","2684":" ","2685":" ","2686":" ","2687":"<","2688":"d","2689":"i","2690":"v","2691":" ","2692":"c","2693":"l","2694":"a","2695":"s","2696":"s","2697":"=","2698":"\\","2699":"\"","2700":"r","2701":"e","2702":"s","2703":"u","2704":"l","2705":"t","2706":"-","2707":"l","2708":"i","2709":"s","2710":"t","2711":"-","2712":"c","2713":"o","2714":"n","2715":"t","2716":"a","2717":"i","2718":"n","2719":"e","2720":"r","2721":"\\","2722":"\"","2723":">","2724":"\\","2725":"n","2726":" ","2727":" ","2728":" ","2729":" ","2730":" ","2731":" ","2732":" ","2733":" ","2734":"<","2735":"u","2736":"l","2737":">","2738":"\\","2739":"n","2740":" ","2741":" ","2742":" ","2743":" ","2744":" ","2745":" ","2746":" ","2747":" ","2748":" ","2749":" ","2750":"<","2751":"l","2752":"i","2753":" ","2754":"v","2755":"-","2756":"f","2757":"o","2758":"r","2759":"=","2760":"\\","2761":"\"","2762":"(","2763":"n","2764":"u","2765":"m","2766":"b","2767":"e","2768":"r","2769":",","2770":" ","2771":"i","2772":"n","2773":"d","2774":"e","2775":"x","2776":")","2777":" ","2778":"i","2779":"n","2780":" ","2781":"n","2782":"u","2783":"m","2784":"b","2785":"e","2786":"r","2787":"s","2788":"\\","2789":"\"","2790":" ","2791":":","2792":"k","2793":"e","2794":"y","2795":"=","2796":"\\","2797":"\"","2798":"i","2799":"n","2800":"d","2801":"e","2802":"x","2803":"\\","2804":"\"","2805":">","2806":"\\","2807":"n","2808":" ","2809":" ","2810":" ","2811":" ","2812":" ","2813":" ","2814":" ","2815":" ","2816":" ","2817":" ","2818":" ","2819":" ","2820":"{","2821":"{","2822":" ","2823":"n","2824":"u","2825":"m","2826":"b","2827":"e","2828":"r","2829":" ","2830":"}","2831":"}","2832":"\\","2833":"n","2834":" ","2835":" ","2836":" ","2837":" ","2838":" ","2839":" ","2840":" ","2841":" ","2842":" ","2843":" ","2844":"<","2845":"/","2846":"l","2847":"i","2848":">","2849":"\\","2850":"n","2851":" ","2852":" ","2853":" ","2854":" ","2855":" ","2856":" ","2857":" ","2858":" ","2859":"<","2860":"/","2861":"u","2862":"l","2863":">","2864":"\\","2865":"n","2866":" ","2867":" ","2868":" ","2869":" ","2870":" ","2871":" ","2872":"<","2873":"/","2874":"d","2875":"i","2876":"v","2877":">","2878":"\\","2879":"n","2880":" ","2881":" ","2882":" ","2883":" ","2884":"<","2885":"/","2886":"d","2887":"i","2888":"v","2889":">","2890":"\\","2891":"n","2892":" ","2893":" ","2894":"<","2895":"/","2896":"d","2897":"i","2898":"v","2899":">","2900":"\\","2901":"n","2902":"<","2903":"/","2904":"t","2905":"e","2906":"m","2907":"p","2908":"l","2909":"a","2910":"t","2911":"e","2912":">","2913":"\\","2914":"n","2915":"\\","2916":"n","2917":"<","2918":"s","2919":"t","2920":"y","2921":"l","2922":"e","2923":" ","2924":"s","2925":"c","2926":"o","2927":"p","2928":"e","2929":"d","2930":">","2931":"\\","2932":"n","2933":".","2934":"b","2935":"g","2936":"-","2937":"t","2938":"r","2939":"a","2940":"n","2941":"s","2942":"p","2943":"a","2944":"r","2945":"e","2946":"n","2947":"t","2948":"W","2949":"h","2950":"i","2951":"t","2952":"e","2953":" ","2954":"{","2955":"\\","2956":"n","2957":" ","2958":" ","2959":"b","2960":"a","2961":"c","2962":"k","2963":"g","2964":"r","2965":"o","2966":"u","2967":"n","2968":"d","2969":"-","2970":"c","2971":"o","2972":"l","2973":"o","2974":"r","2975":":","2976":" ","2977":"r","2978":"g","2979":"b","2980":"a","2981":"(","2982":"2","2983":"5","2984":"5","2985":",","2986":" ","2987":"2","2988":"5","2989":"5","2990":",","2991":" ","2992":"2","2993":"5","2994":"5","2995":",","2996":" ","2997":"0","2998":".","2999":"1","3000":")","3001":";","3002":"\\","3003":"n","3004":"}","3005":"\\","3006":"n","3007":"\\","3008":"n","3009":".","3010":"r","3011":"e","3012":"s","3013":"u","3014":"l","3015":"t","3016":"-","3017":"s","3018":"e","3019":"c","3020":"t","3021":"i","3022":"o","3023":"n","3024":" ","3025":"{","3026":"\\","3027":"n","3028":" ","3029":" ","3030":"w","3031":"i","3032":"d","3033":"t","3034":"h","3035":":","3036":" ","3037":"3","3038":"3","3039":".","3040":"3","3041":"3","3042":"3","3043":"%","3044":";","3045":"\\","3046":"n","3047":" ","3048":" ","3049":"p","3050":"a","3051":"d","3052":"d","3053":"i","3054":"n","3055":"g","3056":":","3057":" ","3058":"1","3059":"r","3060":"e","3061":"m","3062":";","3063":"\\","3064":"n","3065":" ","3066":" ","3067":"b","3068":"a","3069":"c","3070":"k","3071":"g","3072":"r","3073":"o","3074":"u","3075":"n","3076":"d","3077":"-","3078":"c","3079":"o","3080":"l","3081":"o","3082":"r","3083":":","3084":" ","3085":"r","3086":"g","3087":"b","3088":"a","3089":"(","3090":"2","3091":"5","3092":"5","3093":",","3094":" ","3095":"2","3096":"5","3097":"5","3098":",","3099":" ","3100":"2","3101":"5","3102":"5","3103":",","3104":" ","3105":"0","3106":".","3107":"1","3108":")","3109":";","3110":"\\","3111":"n","3112":" ","3113":" ","3114":"b","3115":"o","3116":"r","3117":"d","3118":"e","3119":"r","3120":"-","3121":"r","3122":"a","3123":"d","3124":"i","3125":"u","3126":"s","3127":":","3128":" ","3129":"0","3130":".","3131":"5","3132":"r","3133":"e","3134":"m","3135":";","3136":"\\","3137":"n","3138":" ","3139":" ","3140":"d","3141":"i","3142":"s","3143":"p","3144":"l","3145":"a","3146":"y","3147":":","3148":" ","3149":"f","3150":"l","3151":"e","3152":"x","3153":";","3154":"\\","3155":"n","3156":" ","3157":" ","3158":"f","3159":"l","3160":"e","3161":"x","3162":"-","3163":"d","3164":"i","3165":"r","3166":"e","3167":"c","3168":"t","3169":"i","3170":"o","3171":"n","3172":":","3173":" ","3174":"c","3175":"o","3176":"l","3177":"u","3178":"m","3179":"n","3180":";","3181":"\\","3182":"n","3183":" ","3184":" ","3185":"h","3186":"e","3187":"i","3188":"g","3189":"h","3190":"t","3191":":","3192":" ","3193":"9","3194":"2","3195":"v","3196":"h","3197":";","3198":"\\","3199":"n","3200":"\\","3201":"n","3202":" ","3203":" ","3204":"h","3205":"2","3206":" ","3207":"{","3208":"\\","3209":"n","3210":" ","3211":" ","3212":" ","3213":" ","3214":"f","3215":"o","3216":"n","3217":"t","3218":"-","3219":"s","3220":"i","3221":"z","3222":"e","3223":":","3224":" ","3225":"1","3226":".","3227":"2","3228":"5","3229":"r","3230":"e","3231":"m","3232":";","3233":"\\","3234":"n","3235":" ","3236":" ","3237":" ","3238":" ","3239":"f","3240":"o","3241":"n","3242":"t","3243":"-","3244":"w","3245":"e","3246":"i","3247":"g","3248":"h","3249":"t","3250":":","3251":" ","3252":"6","3253":"0","3254":"0","3255":";","3256":"\\","3257":"n","3258":" ","3259":" ","3260":" ","3261":" ","3262":"m","3263":"a","3264":"r","3265":"g","3266":"i","3267":"n","3268":"-","3269":"b","3270":"o","3271":"t","3272":"t","3273":"o","3274":"m","3275":":","3276":" ","3277":"0","3278":".","3279":"5","3280":"r","3281":"e","3282":"m","3283":";","3284":"\\","3285":"n","3286":" ","3287":" ","3288":" ","3289":" ","3290":"p","3291":"a","3292":"d","3293":"d","3294":"i","3295":"n","3296":"g","3297":"-","3298":"b","3299":"o","3300":"t","3301":"t","3302":"o","3303":"m","3304":":","3305":" ","3306":"0","3307":".","3308":"5","3309":"r","3310":"e","3311":"m","3312":";","3313":"\\","3314":"n","3315":" ","3316":" ","3317":" ","3318":" ","3319":"b","3320":"o","3321":"r","3322":"d","3323":"e","3324":"r","3325":"-","3326":"b","3327":"o","3328":"t","3329":"t","3330":"o","3331":"m","3332":":","3333":" ","3334":"1","3335":"p","3336":"x","3337":" ","3338":"s","3339":"o","3340":"l","3341":"i","3342":"d","3343":" ","3344":"r","3345":"g","3346":"b","3347":"a","3348":"(","3349":"2","3350":"5","3351":"5","3352":",","3353":" ","3354":"2","3355":"5","3356":"5","3357":",","3358":" ","3359":"2","3360":"5","3361":"5","3362":",","3363":" ","3364":"0","3365":".","3366":"6","3367":")","3368":";","3369":"\\","3370":"n","3371":" ","3372":" ","3373":"}","3374":"\\","3375":"n","3376":"\\","3377":"n","3378":" ","3379":" ","3380":".","3381":"r","3382":"e","3383":"s","3384":"u","3385":"l","3386":"t","3387":"-","3388":"l","3389":"i","3390":"s","3391":"t","3392":"-","3393":"c","3394":"o","3395":"n","3396":"t","3397":"a","3398":"i","3399":"n","3400":"e","3401":"r","3402":" ","3403":"{","3404":"\\","3405":"n","3406":" ","3407":" ","3408":" ","3409":" ","3410":"f","3411":"l","3412":"e","3413":"x","3414":"-","3415":"g","3416":"r","3417":"o","3418":"w","3419":":","3420":" ","3421":"1","3422":";","3423":"\\","3424":"n","3425":" ","3426":" ","3427":" ","3428":" ","3429":"o","3430":"v","3431":"e","3432":"r","3433":"f","3434":"l","3435":"o","3436":"w","3437":"-","3438":"y","3439":":","3440":" ","3441":"a","3442":"u","3443":"t","3444":"o","3445":";","3446":"\\","3447":"n","3448":" ","3449":" ","3450":" ","3451":" ","3452":"m","3453":"a","3454":"r","3455":"g","3456":"i","3457":"n","3458":"-","3459":"t","3460":"o","3461":"p","3462":":","3463":" ","3464":"0","3465":".","3466":"5","3467":"r","3468":"e","3469":"m","3470":";","3471":"\\","3472":"n","3473":"\\","3474":"n","3475":" ","3476":" ","3477":" ","3478":" ","3479":"u","3480":"l","3481":" ","3482":"{","3483":"\\","3484":"n","3485":" ","3486":" ","3487":" ","3488":" ","3489":" ","3490":" ","3491":"d","3492":"i","3493":"s","3494":"p","3495":"l","3496":"a","3497":"y","3498":":","3499":" ","3500":"f","3501":"l","3502":"e","3503":"x","3504":";","3505":"\\","3506":"n","3507":" ","3508":" ","3509":" ","3510":" ","3511":" ","3512":" ","3513":"f","3514":"l","3515":"e","3516":"x","3517":"-","3518":"w","3519":"r","3520":"a","3521":"p","3522":":","3523":" ","3524":"w","3525":"r","3526":"a","3527":"p","3528":";","3529":"\\","3530":"n","3531":" ","3532":" ","3533":" ","3534":" ","3535":" ","3536":" ","3537":"g","3538":"a","3539":"p","3540":":","3541":" ","3542":"0","3543":".","3544":"5","3545":"r","3546":"e","3547":"m","3548":";","3549":"\\","3550":"n","3551":"\\","3552":"n","3553":" ","3554":" ","3555":" ","3556":" ","3557":" ","3558":" ","3559":"l","3560":"i","3561":" ","3562":"{","3563":"\\","3564":"n","3565":" ","3566":" ","3567":" ","3568":" ","3569":" ","3570":" ","3571":" ","3572":" ","3573":"t","3574":"e","3575":"x","3576":"t","3577":"-","3578":"a","3579":"l","3580":"i","3581":"g","3582":"n","3583":":","3584":" ","3585":"l","3586":"e","3587":"f","3588":"t","3589":";","3590":"\\","3591":"n","3592":" ","3593":" ","3594":" ","3595":" ","3596":" ","3597":" ","3598":" ","3599":" ","3600":"f","3601":"o","3602":"n","3603":"t","3604":"-","3605":"s","3606":"i","3607":"z","3608":"e","3609":":","3610":" ","3611":"1","3612":".","3613":"4","3614":"r","3615":"e","3616":"m","3617":";","3618":"\\","3619":"n","3620":" ","3621":" ","3622":" ","3623":" ","3624":" ","3625":" ","3626":" ","3627":" ","3628":"f","3629":"l","3630":"e","3631":"x","3632":"-","3633":"b","3634":"a","3635":"s","3636":"i","3637":"s","3638":":","3639":" ","3640":"c","3641":"a","3642":"l","3643":"c","3644":"(","3645":"5","3646":"0","3647":"%","3648":" ","3649":"-","3650":" ","3651":"0","3652":".","3653":"2","3654":"5","3655":"r","3656":"e","3657":"m","3658":")","3659":";","3660":"\\","3661":"n","3662":" ","3663":" ","3664":" ","3665":" ","3666":" ","3667":" ","3668":"}","3669":"\\","3670":"n","3671":" ","3672":" ","3673":" ","3674":" ","3675":"}","3676":"\\","3677":"n","3678":" ","3679":" ","3680":"}","3681":"\\","3682":"n","3683":"}","3684":"\\","3685":"n","3686":"<","3687":"/","3688":"s","3689":"t","3690":"y","3691":"l","3692":"e","3693":">","3694":"\"","3695":"]","3696":"}"}}
,"/Users/urassh/Documents/NuxtProjects/lottery/pages/result.vue": {"path":"/Users/urassh/Documents/NuxtProjects/lottery/pages/result.vue","statementMap":{"0":{"start":{"line":3,"column":22},"end":{"line":7,"column":1}},"1":{"start":{"line":4,"column":2},"end":{"line":6,"column":4}},"2":{"start":{"line":8,"column":0},"end":{"line":10,"column":3}},"3":{"start":{"line":11,"column":12},"end":{"line":11,"column":26}},"4":{"start":{"line":12,"column":12},"end":{"line":12,"column":26}},"5":{"start":{"line":13,"column":24},"end":{"line":13,"column":67}},"6":{"start":{"line":14,"column":19},"end":{"line":14,"column":40}},"7":{"start":{"line":15,"column":0},"end":{"line":53,"column":3}},"8":{"start":{"line":18,"column":19},"end":{"line":18,"column":28}},"9":{"start":{"line":19,"column":4},"end":{"line":19,"column":15}},"10":{"start":{"line":20,"column":16},"end":{"line":20,"column":44}},"11":{"start":{"line":21,"column":17},"end":{"line":21,"column":28}},"12":{"start":{"line":22,"column":23},"end":{"line":22,"column":50}},"13":{"start":{"line":24,"column":6},"end":{"line":26,"column":7}},"14":{"start":{"line":25,"column":8},"end":{"line":25,"column":25}},"15":{"start":{"line":28,"column":4},"end":{"line":37,"column":7}},"16":{"start":{"line":29,"column":6},"end":{"line":29,"column":52}},"17":{"start":{"line":30,"column":6},"end":{"line":36,"column":9}},"18":{"start":{"line":38,"column":4},"end":{"line":40,"column":7}},"19":{"start":{"line":39,"column":6},"end":{"line":39,"column":55}},"20":{"start":{"line":41,"column":23},"end":{"line":46,"column":5}},"21":{"start":{"line":47,"column":4},"end":{"line":50,"column":7}},"22":{"start":{"line":51,"column":4},"end":{"line":51,"column":24}},"23":{"start":{"line":55,"column":0},"end":{"line":55,"column":62}},"24":{"start":{"line":56,"column":0},"end":{"line":56,"column":24}},"25":{"start":{"line":57,"column":12},"end":{"line":57,"column":26}},"26":{"start":{"line":58,"column":17},"end":{"line":58,"column":46}},"27":{"start":{"line":59,"column":17},"end":{"line":59,"column":40}},"28":{"start":{"line":60,"column":31},"end":{"line":60,"column":119}},"29":{"start":{"line":61,"column":17},"end":{"line":61,"column":43}},"30":{"start":{"line":62,"column":31},"end":{"line":62,"column":152}},"31":{"start":{"line":64,"column":30},"end":{"line":64,"column":69}},"32":{"start":{"line":65,"column":4},"end":{"line":80,"column":8}},"33":{"start":{"line":73,"column":58},"end":{"line":75,"column":18}},"34":{"start":{"line":82,"column":1},"end":{"line":82,"column":48}}},"fnMap":{"0":{"name":"(anonymous_0)","decl":{"start":{"line":3,"column":54},"end":{"line":3,"column":55}},"loc":{"start":{"line":3,"column":69},"end":{"line":7,"column":1}},"line":3},"1":{"name":"(anonymous_1)","decl":{"start":{"line":17,"column":9},"end":{"line":17,"column":10}},"loc":{"start":{"line":17,"column":32},"end":{"line":52,"column":3}},"line":17},"2":{"name":"handleKeyup","decl":{"start":{"line":23,"column":13},"end":{"line":23,"column":24}},"loc":{"start":{"line":23,"column":32},"end":{"line":27,"column":5}},"line":23},"3":{"name":"(anonymous_3)","decl":{"start":{"line":28,"column":25},"end":{"line":28,"column":26}},"loc":{"start":{"line":28,"column":37},"end":{"line":37,"column":5}},"line":28},"4":{"name":"(anonymous_4)","decl":{"start":{"line":38,"column":16},"end":{"line":38,"column":17}},"loc":{"start":{"line":38,"column":28},"end":{"line":40,"column":5}},"line":38},"5":{"name":"render","decl":{"start":{"line":63,"column":9},"end":{"line":63,"column":15}},"loc":{"start":{"line":63,"column":63},"end":{"line":81,"column":1}},"line":63},"6":{"name":"(anonymous_6)","decl":{"start":{"line":73,"column":44},"end":{"line":73,"column":45}},"loc":{"start":{"line":73,"column":56},"end":{"line":75,"column":20}},"line":73}},"branchMap":{"0":{"loc":{"start":{"line":3,"column":22},"end":{"line":7,"column":1}},"type":"binary-expr","locations":[{"start":{"line":3,"column":22},"end":{"line":3,"column":26}},{"start":{"line":3,"column":30},"end":{"line":3,"column":50}},{"start":{"line":3,"column":54},"end":{"line":7,"column":1}}],"line":3},"1":{"loc":{"start":{"line":4,"column":9},"end":{"line":6,"column":3}},"type":"cond-expr","locations":[{"start":{"line":4,"column":33},"end":{"line":4,"column":36}},{"start":{"line":4,"column":39},"end":{"line":6,"column":3}}],"line":4},"2":{"loc":{"start":{"line":4,"column":9},"end":{"line":4,"column":30}},"type":"binary-expr","locations":[{"start":{"line":4,"column":9},"end":{"line":4,"column":12}},{"start":{"line":4,"column":16},"end":{"line":4,"column":30}}],"line":4},"3":{"loc":{"start":{"line":22,"column":23},"end":{"line":22,"column":50}},"type":"binary-expr","locations":[{"start":{"line":22,"column":23},"end":{"line":22,"column":41}},{"start":{"line":22,"column":45},"end":{"line":22,"column":50}}],"line":22},"4":{"loc":{"start":{"line":24,"column":6},"end":{"line":26,"column":7}},"type":"if","locations":[{"start":{"line":24,"column":6},"end":{"line":26,"column":7}},{"start":{},"end":{}}],"line":24}},"s":{"0":0,"1":0,"2":0,"3":0,"4":0,"5":0,"6":0,"7":0,"8":0,"9":0,"10":0,"11":0,"12":0,"13":0,"14":0,"15":0,"16":0,"17":0,"18":0,"19":0,"20":0,"21":0,"22":0,"23":0,"24":0,"25":0,"26":0,"27":0,"28":0,"29":0,"30":0,"31":0,"32":0,"33":0,"34":0},"f":{"0":0,"1":0,"2":0,"3":0,"4":0,"5":0,"6":0},"b":{"0":[0,0,0],"1":[0,0],"2":[0,0],"3":[0,0],"4":[0,0]},"inputSourceMap":{"0":"{","1":"\"","2":"v","3":"e","4":"r","5":"s","6":"i","7":"o","8":"n","9":"\"","10":":","11":"3","12":",","13":"\"","14":"s","15":"o","16":"u","17":"r","18":"c","19":"e","20":"s","21":"\"","22":":","23":"[","24":"\"","25":"/","26":"U","27":"s","28":"e","29":"r","30":"s","31":"/","32":"u","33":"r","34":"a","35":"s","36":"s","37":"h","38":"/","39":"D","40":"o","41":"c","42":"u","43":"m","44":"e","45":"n","46":"t","47":"s","48":"/","49":"N","50":"u","51":"x","52":"t","53":"P","54":"r","55":"o","56":"j","57":"e","58":"c","59":"t","60":"s","61":"/","62":"l","63":"o","64":"t","65":"t","66":"e","67":"r","68":"y","69":"/","70":"p","71":"a","72":"g","73":"e","74":"s","75":"/","76":"r","77":"e","78":"s","79":"u","80":"l","81":"t","82":".","83":"v","84":"u","85":"e","86":"\"","87":"]","88":",","89":"\"","90":"n","91":"a","92":"m","93":"e","94":"s","95":"\"","96":":","97":"[","98":"]","99":",","100":"\"","101":"m","102":"a","103":"p","104":"p","105":"i","106":"n","107":"g","108":"s","109":"\"","110":":","111":"\"","112":";","113":";","114":"A","115":"A","116":"C","117":"A","118":",","119":"I","120":"A","121":"A","122":"I","123":",","124":"e","125":"A","126":"A","127":"e","128":",","129":"G","130":"A","131":"A","132":"I","133":",","134":"I","135":"A","136":"A","137":"I","138":",","139":"I","140":"A","141":"A","142":"I","143":",","144":"I","145":"A","146":"A","147":"I","148":",","149":"C","150":"A","151":"A","152":"C","153":",","154":"e","155":"A","156":"A","157":"e","158":",","159":"I","160":"A","161":"A","162":"K","163":",","164":"U","165":"A","166":"A","167":"U","168":",","169":"G","170":"A","171":"A","172":"G","173":",","174":"E","175":"A","176":"A","177":"E","178":";","179":"E","180":"A","181":"C","182":"n","183":"E","184":",","185":"O","186":"A","187":"A","188":"Q","189":",","190":"G","191":"A","192":"A","193":"G","194":",","195":"I","196":"A","197":"A","198":"I","199":",","200":"G","201":"A","202":"A","203":"G","204":",","205":"C","206":"A","207":"A","208":"C","209":",","210":"U","211":"A","212":"A","213":"U","214":",","215":"G","216":"A","217":"A","218":"I","219":",","220":"G","221":"A","222":"A","223":"G","224":",","225":"G","226":"A","227":"A","228":"G","229":";","230":"I","231":"A","232":"A","233":"E","234":",","235":"S","236":"A","237":"A","238":"S","239":",","240":"E","241":"A","242":"A","243":"E","244":";","245":"E","246":"A","247":"A","248":"I","249":",","250":"C","251":"A","252":"A","253":"C","254":";","255":"A","256":"A","257":"C","258":"7","259":"D","260":",","261":"C","262":"A","263":"A","264":"C","265":";","266":"A","267":"A","268":"C","269":"D","270":",","271":"M","272":"A","273":"A","274":"M","275":",","276":"C","277":"A","278":"A","279":"C","280":",","281":"c","282":"A","283":"A","284":"c","285":",","286":"C","287":"A","288":"A","289":"C","290":",","291":"O","292":"A","293":"A","294":"O","295":",","296":"E","297":"A","298":"A","299":"E","300":",","301":"Y","302":"A","303":"A","304":"Y","305":",","306":"E","307":"A","308":"A","309":"E","310":";","311":"E","312":"A","313":"A","314":"E","315":",","316":"K","317":"A","318":"A","319":"K","320":",","321":"E","322":"A","323":"A","324":"E","325":";","326":"A","327":"A","328":"A","329":"K","330":",","331":"C","332":"A","333":"A","334":"C","335":",","336":"C","337":"A","338":"A","339":"C","340":";","341":";","342":";","343":";","344":";","345":";","346":"E","347":"A","348":"J","349":"z","350":"D","351":",","352":"M","353":"A","354":"A","355":"M","356":",","357":"E","358":"A","359":"A","360":"E","361":",","362":"Q","363":"A","364":"A","365":"Q","366":";","367":"E","368":"A","369":"K","370":"h","371":"B","372":",","373":"K","374":"A","375":"A","376":"K","377":",","378":"E","379":"A","380":"A","381":"E","382":",","383":"U","384":"A","385":"A","386":"U","387":",","388":"O","389":"A","390":"A","391":"O","392":",","393":"E","394":"A","395":"A","396":"E","397":",","398":"E","399":"A","400":"A","401":"E","402":",","403":"E","404":"A","405":"A","406":"E","407":";","408":"I","409":"A","410":"C","411":"1","412":"B","413":",","414":"I","415":"A","416":"A","417":"I","418":",","419":"Q","420":"A","421":"A","422":"Q","423":",","424":"G","425":"A","426":"A","427":"G","428":",","429":"E","430":"A","431":"A","432":"E","433":",","434":"C","435":"A","436":"A","437":"C","438":",","439":"M","440":"A","441":"A","442":"M","443":";","444":"I","445":"A","446":"C","447":"x","448":"B","449":",","450":"Q","451":"A","452":"A","453":"Q","454":",","455":"C","456":"A","457":"A","458":"C","459":",","460":"C","461":"A","462":"A","463":"C","464":";","465":"I","466":"A","467":"C","468":"V","469":",","470":"I","471":"A","472":"A","473":"I","474":",","475":"K","476":"A","477":"A","478":"K","479":",","480":"G","481":"A","482":"A","483":"G","484":",","485":"C","486":"A","487":"A","488":"C","489":",","490":"C","491":"A","492":"A","493":"C","494":",","495":"E","496":"A","497":"A","498":"E","499":",","500":"Y","501":"A","502":"A","503":"Y","504":",","505":"C","506":"A","507":"A","508":"C","509":",","510":"Q","511":"A","512":"A","513":"Q","514":",","515":"E","516":"A","517":"A","518":"E","519":",","520":"C","521":"A","522":"A","523":"C","524":";","525":"I","526":"A","527":"C","528":"x","529":"C","530":",","531":"I","532":"A","533":"A","534":"I","535":",","536":"M","537":"A","538":"A","539":"M","540":",","541":"G","542":"A","543":"A","544":"G","545":",","546":"S","547":"A","548":"A","549":"S","550":",","551":"C","552":"A","553":"A","554":"C","555":",","556":"C","557":"A","558":"A","559":"C","560":";","561":"I","562":"A","563":"C","564":"x","565":"B","566":",","567":"I","568":"A","569":"A","570":"I","571":",","572":"Y","573":"A","574":"A","575":"Y","576":",","577":"G","578":"A","579":"A","580":"G","581":",","582":"K","583":"A","584":"A","585":"K","586":",","587":"C","588":"A","589":"A","590":"C","591":",","592":"K","593":"A","594":"A","595":"K","596":",","597":"C","598":"A","599":"A","600":"C","601":",","602":"M","603":"A","604":"A","605":"M","606":",","607":"I","608":"A","609":"A","610":"I","611":",","612":"K","613":"A","614":"A","615":"K","616":";","617":"I","618":"A","619":"C","620":"9","621":"C","622":",","623":"S","624":"A","625":"A","626":"S","627":",","628":"W","629":"A","630":"A","631":"W","632":",","633":"C","634":"A","635":"A","636":"C","637":",","638":"K","639":"A","640":"A","641":"K","642":",","643":"E","644":"A","645":"A","646":"E","647":";","648":"M","649":"A","650":"C","651":"x","652":"B","653":",","654":"I","655":"A","656":"A","657":"I","658":",","659":"K","660":"A","661":"A","662":"K","663":",","664":"C","665":"A","666":"A","667":"C","668":",","669":"I","670":"A","671":"A","672":"I","673":",","674":"K","675":"A","676":"A","677":"K","678":",","679":"O","680":"A","681":"A","682":"O","683":",","684":"E","685":"A","686":"A","687":"E","688":";","689":"Q","690":"A","691":"C","692":"x","693":"B","694":",","695":"M","696":"A","697":"A","698":"M","699":",","700":"C","701":"A","702":"A","703":"C","704":",","705":"I","706":"A","707":"A","708":"I","709":",","710":"C","711":"A","712":"A","713":"C","714":",","715":"G","716":"A","717":"A","718":"G","719":",","720":"C","721":"A","722":"A","723":"C","724":";","725":"M","726":"A","727":"C","728":"p","729":"B","730":";","731":"I","732":"A","733":"C","734":"J","735":";","736":"I","737":"A","738":"C","739":"A","740":",","741":"C","742":"A","743":"A","744":"C","745":",","746":"C","747":"A","748":"A","749":"C","750":",","751":"E","752":"A","753":"A","754":"E","755":",","756":"K","757":"A","758":"A","759":"K","760":",","761":"C","762":"A","763":"A","764":"C","765":",","766":"S","767":"A","768":"A","769":"S","770":",","771":"E","772":"A","773":"A","774":"E","775":",","776":"Y","777":"A","778":"A","779":"Y","780":";","781":"M","782":"A","783":"C","784":"7","785":"B","786":",","787":"M","788":"A","789":"A","790":"M","791":",","792":"C","793":"A","794":"A","795":"C","796":",","797":"g","798":"B","799":"A","800":"A","801":"g","802":"B","803":",","804":"C","805":"A","806":"A","807":"C","808":",","809":"O","810":"A","811":"A","812":"O","813":",","814":"E","815":"A","816":"A","817":"E","818":",","819":"W","820":"A","821":"A","822":"W","823":",","824":"C","825":"A","826":"A","827":"C","828":";","829":"M","830":"A","831":"C","832":"7","833":"C","834":",","835":"C","836":"A","837":"A","838":"C","839":",","840":"C","841":"A","842":"A","843":"C","844":",","845":"E","846":"A","847":"A","848":"E","849":",","850":"i","851":"B","852":"A","853":"A","854":"i","855":"B","856":",","857":"C","858":"A","859":"A","860":"C","861":",","862":"O","863":"A","864":"A","865":"O","866":",","867":"E","868":"A","869":"A","870":"E","871":";","872":"Q","873":"A","874":"C","875":"3","876":"B","877":",","878":"a","879":"A","880":"A","881":"a","882":",","883":"E","884":"A","885":"A","886":"E","887":",","888":"G","889":"A","890":"A","891":"G","892":";","893":"Q","894":"A","895":"C","896":"l","897":"B","898":",","899":"M","900":"A","901":"A","902":"M","903":",","904":"E","905":"A","906":"A","907":"E","908":",","909":"E","910":"A","911":"A","912":"E","913":";","914":"Q","915":"A","916":"C","917":"V","918":",","919":"M","920":"A","921":"A","922":"M","923":",","924":"E","925":"A","926":"A","927":"E","928":";","929":"U","930":"A","931":"A","932":"E","933":",","934":"C","935":"A","936":"A","937":"C","938":",","939":"E","940":"A","941":"A","942":"E","943":";","944":"Q","945":"A","946":"A","947":"I","948":";","949":"M","950":"A","951":"C","952":"r","953":"B","954":",","955":"C","956":"A","957":"A","958":"C","959":",","960":"C","961":"A","962":"A","963":"C","964":";","965":"I","966":"A","967":"C","968":"N","969":",","970":"C","971":"A","972":"A","973":"C","974":",","975":"C","976":"A","977":"A","978":"C","979":";","980":"I","981":"A","982":"C","983":"F","984":",","985":"W","986":"A","987":"A","988":"W","989":",","990":"C","991":"A","992":"A","993":"C","994":",","995":"Y","996":"A","997":"A","998":"Y","999":";","1000":"M","1001":"A","1002":"C","1003":"p","1004":"B","1005":",","1006":"M","1007":"A","1008":"A","1009":"M","1010":",","1011":"C","1012":"A","1013":"A","1014":"C","1015":",","1016":"m","1017":"B","1018":"A","1019":"A","1020":"m","1021":"B","1022":",","1023":"C","1024":"A","1025":"A","1026":"C","1027":",","1028":"O","1029":"A","1030":"A","1031":"O","1032":",","1033":"E","1034":"A","1035":"A","1036":"E","1037":",","1038":"W","1039":"A","1040":"A","1041":"W","1042":",","1043":"C","1044":"A","1045":"A","1046":"C","1047":";","1048":"I","1049":"A","1050":"C","1051":"p","1052":"D","1053":",","1054":"C","1055":"A","1056":"A","1057":"C","1058":",","1059":"C","1060":"A","1061":"A","1062":"C","1063":";","1064":"I","1065":"A","1066":"C","1067":"F","1068":",","1069":"I","1070":"A","1071":"A","1072":"I","1073":",","1074":"Y","1075":"A","1076":"A","1077":"Y","1078":",","1079":"G","1080":"A","1081":"A","1082":"G","1083":";","1084":"M","1085":"A","1086":"A","1087":"E","1088":",","1089":"K","1090":"A","1091":"A","1092":"K","1093":",","1094":"E","1095":"A","1096":"A","1097":"E","1098":",","1099":"K","1100":"A","1101":"A","1102":"K","1103":";","1104":"M","1105":"A","1106":"A","1107":"E","1108":",","1109":"M","1110":"A","1111":"A","1112":"M","1113":",","1114":"E","1115":"A","1116":"A","1117":"E","1118":",","1119":"M","1120":"A","1121":"A","1122":"M","1123":";","1124":"M","1125":"A","1126":"A","1127":"E","1128":",","1129":"Y","1130":"A","1131":"A","1132":"Y","1133":",","1134":"E","1135":"A","1136":"A","1137":"E","1138":",","1139":"Y","1140":"A","1141":"A","1142":"Y","1143":";","1144":"M","1145":"A","1146":"A","1147":"E","1148":",","1149":"W","1150":"A","1151":"A","1152":"W","1153":",","1154":"E","1155":"A","1156":"A","1157":"E","1158":";","1159":"I","1160":"A","1161":"A","1162":"Y","1163":",","1164":"C","1165":"A","1166":"A","1167":"C","1168":"\"","1169":",","1170":"\"","1171":"f","1172":"i","1173":"l","1174":"e","1175":"\"","1176":":","1177":"\"","1178":"/","1179":"U","1180":"s","1181":"e","1182":"r","1183":"s","1184":"/","1185":"u","1186":"r","1187":"a","1188":"s","1189":"s","1190":"h","1191":"/","1192":"D","1193":"o","1194":"c","1195":"u","1196":"m","1197":"e","1198":"n","1199":"t","1200":"s","1201":"/","1202":"N","1203":"u","1204":"x","1205":"t","1206":"P","1207":"r","1208":"o","1209":"j","1210":"e","1211":"c","1212":"t","1213":"s","1214":"/","1215":"l","1216":"o","1217":"t","1218":"t","1219":"e","1220":"r","1221":"y","1222":"/","1223":"p","1224":"a","1225":"g","1226":"e","1227":"s","1228":"/","1229":"r","1230":"e","1231":"s","1232":"u","1233":"l","1234":"t","1235":".","1236":"v","1237":"u","1238":"e","1239":"\"","1240":",","1241":"\"","1242":"s","1243":"o","1244":"u","1245":"r","1246":"c","1247":"e","1248":"s","1249":"C","1250":"o","1251":"n","1252":"t","1253":"e","1254":"n","1255":"t","1256":"\"","1257":":","1258":"[","1259":"\"","1260":"<","1261":"s","1262":"c","1263":"r","1264":"i","1265":"p","1266":"t","1267":" ","1268":"s","1269":"e","1270":"t","1271":"u","1272":"p","1273":" ","1274":"l","1275":"a","1276":"n","1277":"g","1278":"=","1279":"\\","1280":"\"","1281":"t","1282":"s","1283":"\\","1284":"\"","1285":">","1286":"\\","1287":"n","1288":"i","1289":"m","1290":"p","1291":"o","1292":"r","1293":"t","1294":" ","1295":"{","1296":" ","1297":"o","1298":"n","1299":"M","1300":"o","1301":"u","1302":"n","1303":"t","1304":"e","1305":"d","1306":" ","1307":"}","1308":" ","1309":"f","1310":"r","1311":"o","1312":"m","1313":" ","1314":"'","1315":"v","1316":"u","1317":"e","1318":"'","1319":"\\","1320":"n","1321":"i","1322":"m","1323":"p","1324":"o","1325":"r","1326":"t","1327":" ","1328":"c","1329":"o","1330":"n","1331":"f","1332":"e","1333":"t","1334":"t","1335":"i","1336":" ","1337":"f","1338":"r","1339":"o","1340":"m","1341":" ","1342":"'","1343":"c","1344":"a","1345":"n","1346":"v","1347":"a","1348":"s","1349":"-","1350":"c","1351":"o","1352":"n","1353":"f","1354":"e","1355":"t","1356":"t","1357":"i","1358":"'","1359":"\\","1360":"n","1361":"i","1362":"m","1363":"p","1364":"o","1365":"r","1366":"t","1367":" ","1368":"{","1369":" ","1370":"u","1371":"s","1372":"e","1373":"R","1374":"o","1375":"u","1376":"t","1377":"e","1378":" ","1379":"}","1380":" ","1381":"f","1382":"r","1383":"o","1384":"m","1385":" ","1386":"'","1387":"v","1388":"u","1389":"e","1390":"-","1391":"r","1392":"o","1393":"u","1394":"t","1395":"e","1396":"r","1397":"'","1398":"\\","1399":"n","1400":"\\","1401":"n","1402":"c","1403":"o","1404":"n","1405":"s","1406":"t","1407":" ","1408":"r","1409":"o","1410":"u","1411":"t","1412":"e","1413":" ","1414":"=","1415":" ","1416":"u","1417":"s","1418":"e","1419":"R","1420":"o","1421":"u","1422":"t","1423":"e","1424":"(","1425":")","1426":"\\","1427":"n","1428":"c","1429":"o","1430":"n","1431":"s","1432":"t","1433":" ","1434":"r","1435":"o","1436":"u","1437":"t","1438":"e","1439":"r","1440":" ","1441":"=","1442":" ","1443":"u","1444":"s","1445":"e","1446":"R","1447":"o","1448":"u","1449":"t","1450":"e","1451":"r","1452":"(","1453":")","1454":"\\","1455":"n","1456":"c","1457":"o","1458":"n","1459":"s","1460":"t","1461":" ","1462":"r","1463":"e","1464":"s","1465":"u","1466":"l","1467":"t","1468":"N","1469":"u","1470":"m","1471":"b","1472":"e","1473":"r","1474":" ","1475":"=","1476":" ","1477":"r","1478":"o","1479":"u","1480":"t","1481":"e","1482":".","1483":"q","1484":"u","1485":"e","1486":"r","1487":"y","1488":".","1489":"n","1490":"u","1491":"m","1492":"b","1493":"e","1494":"r","1495":" ","1496":"|","1497":"|","1498":" ","1499":"'","1500":"0","1501":"0","1502":"0","1503":"'","1504":"\\","1505":"n","1506":"\\","1507":"n","1508":"f","1509":"u","1510":"n","1511":"c","1512":"t","1513":"i","1514":"o","1515":"n","1516":" ","1517":"h","1518":"a","1519":"n","1520":"d","1521":"l","1522":"e","1523":"K","1524":"e","1525":"y","1526":"u","1527":"p","1528":"(","1529":"e","1530":"v","1531":"e","1532":"n","1533":"t","1534":":","1535":" ","1536":"K","1537":"e","1538":"y","1539":"b","1540":"o","1541":"a","1542":"r","1543":"d","1544":"E","1545":"v","1546":"e","1547":"n","1548":"t","1549":")","1550":" ","1551":"{","1552":"\\","1553":"n","1554":" ","1555":" ","1556":"i","1557":"f","1558":" ","1559":"(","1560":"e","1561":"v","1562":"e","1563":"n","1564":"t","1565":".","1566":"c","1567":"o","1568":"d","1569":"e","1570":" ","1571":"=","1572":"=","1573":"=","1574":" ","1575":"'","1576":"S","1577":"p","1578":"a","1579":"c","1580":"e","1581":"'","1582":")","1583":" ","1584":"{","1585":"\\","1586":"n","1587":" ","1588":" ","1589":" ","1590":" ","1591":"r","1592":"o","1593":"u","1594":"t","1595":"e","1596":"r","1597":".","1598":"p","1599":"u","1600":"s","1601":"h","1602":"(","1603":"'","1604":"/","1605":"'","1606":")","1607":"\\","1608":"n","1609":" ","1610":" ","1611":"}","1612":"\\","1613":"n","1614":"}","1615":"\\","1616":"n","1617":"\\","1618":"n","1619":"o","1620":"n","1621":"M","1622":"o","1623":"u","1624":"n","1625":"t","1626":"e","1627":"d","1628":"(","1629":"(","1630":")","1631":" ","1632":"=","1633":">","1634":" ","1635":"{","1636":"\\","1637":"n","1638":" ","1639":" ","1640":"w","1641":"i","1642":"n","1643":"d","1644":"o","1645":"w","1646":".","1647":"a","1648":"d","1649":"d","1650":"E","1651":"v","1652":"e","1653":"n","1654":"t","1655":"L","1656":"i","1657":"s","1658":"t","1659":"e","1660":"n","1661":"e","1662":"r","1663":"(","1664":"'","1665":"k","1666":"e","1667":"y","1668":"u","1669":"p","1670":"'","1671":",","1672":" ","1673":"h","1674":"a","1675":"n","1676":"d","1677":"l","1678":"e","1679":"K","1680":"e","1681":"y","1682":"u","1683":"p","1684":")","1685":";","1686":"\\","1687":"n","1688":"\\","1689":"n","1690":" ","1691":" ","1692":"c","1693":"o","1694":"n","1695":"f","1696":"e","1697":"t","1698":"t","1699":"i","1700":"(","1701":"{","1702":"\\","1703":"n","1704":" ","1705":" ","1706":" ","1707":" ","1708":"p","1709":"a","1710":"r","1711":"t","1712":"i","1713":"c","1714":"l","1715":"e","1716":"C","1717":"o","1718":"u","1719":"n","1720":"t","1721":":","1722":" ","1723":"4","1724":"0","1725":"0","1726":",","1727":"\\","1728":"n","1729":" ","1730":" ","1731":" ","1732":" ","1733":"s","1734":"p","1735":"r","1736":"e","1737":"a","1738":"d","1739":":","1740":" ","1741":"8","1742":"0","1743":",","1744":"\\","1745":"n","1746":" ","1747":" ","1748":" ","1749":" ","1750":"o","1751":"r","1752":"i","1753":"g","1754":"i","1755":"n","1756":":","1757":" ","1758":"{","1759":" ","1760":"y","1761":":","1762":" ","1763":"0","1764":".","1765":"8","1766":" ","1767":"}","1768":"\\","1769":"n","1770":" ","1771":" ","1772":"}","1773":")","1774":"\\","1775":"n","1776":"}","1777":")","1778":";","1779":"\\","1780":"n","1781":"\\","1782":"n","1783":"o","1784":"n","1785":"U","1786":"n","1787":"m","1788":"o","1789":"u","1790":"n","1791":"t","1792":"e","1793":"d","1794":"(","1795":"(","1796":")","1797":" ","1798":"=","1799":">","1800":" ","1801":"{","1802":"\\","1803":"n","1804":" ","1805":" ","1806":"w","1807":"i","1808":"n","1809":"d","1810":"o","1811":"w","1812":".","1813":"r","1814":"e","1815":"m","1816":"o","1817":"v","1818":"e","1819":"E","1820":"v","1821":"e","1822":"n","1823":"t","1824":"L","1825":"i","1826":"s","1827":"t","1828":"e","1829":"n","1830":"e","1831":"r","1832":"(","1833":"'","1834":"k","1835":"e","1836":"y","1837":"u","1838":"p","1839":"'","1840":",","1841":" ","1842":"h","1843":"a","1844":"n","1845":"d","1846":"l","1847":"e","1848":"K","1849":"e","1850":"y","1851":"u","1852":"p","1853":")","1854":";","1855":"\\","1856":"n","1857":"}","1858":")","1859":";","1860":"\\","1861":"n","1862":"<","1863":"/","1864":"s","1865":"c","1866":"r","1867":"i","1868":"p","1869":"t","1870":">","1871":"\\","1872":"n","1873":"\\","1874":"n","1875":"<","1876":"t","1877":"e","1878":"m","1879":"p","1880":"l","1881":"a","1882":"t","1883":"e","1884":">","1885":"\\","1886":"n","1887":" ","1888":" ","1889":"<","1890":"d","1891":"i","1892":"v","1893":" ","1894":"c","1895":"l","1896":"a","1897":"s","1898":"s","1899":"=","1900":"\\","1901":"\"","1902":"r","1903":"e","1904":"s","1905":"u","1906":"l","1907":"t","1908":"-","1909":"c","1910":"o","1911":"n","1912":"t","1913":"a","1914":"i","1915":"n","1916":"e","1917":"r","1918":"\\","1919":"\"","1920":">","1921":"\\","1922":"n","1923":" ","1924":" ","1925":" ","1926":" ","1927":"<","1928":"d","1929":"i","1930":"v","1931":" ","1932":"c","1933":"l","1934":"a","1935":"s","1936":"s","1937":"=","1938":"\\","1939":"\"","1940":"r","1941":"e","1942":"s","1943":"u","1944":"l","1945":"t","1946":"-","1947":"b","1948":"o","1949":"x","1950":"\\","1951":"\"","1952":">","1953":"\\","1954":"n","1955":" ","1956":" ","1957":" ","1958":" ","1959":" ","1960":" ","1961":"<","1962":"h","1963":"2","1964":" ","1965":"c","1966":"l","1967":"a","1968":"s","1969":"s","1970":"=","1971":"\\","1972":"\"","1973":"r","1974":"e","1975":"s","1976":"u","1977":"l","1978":"t","1979":"-","1980":"t","1981":"i","1982":"t","1983":"l","1984":"e","1985":"\\","1986":"\"","1987":">","1988":"抽","1989":"選","1990":"結","1991":"果","1992":"<","1993":"/","1994":"h","1995":"2","1996":">","1997":"\\","1998":"n","1999":" ","2000":" ","2001":" ","2002":" ","2003":" ","2004":" ","2005":"<","2006":"p","2007":" ","2008":"c","2009":"l","2010":"a","2011":"s","2012":"s","2013":"=","2014":"\\","2015":"\"","2016":"r","2017":"e","2018":"s","2019":"u","2020":"l","2021":"t","2022":"-","2023":"n","2024":"u","2025":"m","2026":"b","2027":"e","2028":"r","2029":"\\","2030":"\"","2031":">","2032":"{","2033":"{","2034":" ","2035":"r","2036":"e","2037":"s","2038":"u","2039":"l","2040":"t","2041":"N","2042":"u","2043":"m","2044":"b","2045":"e","2046":"r","2047":" ","2048":"}","2049":"}","2050":"<","2051":"/","2052":"p","2053":">","2054":"\\","2055":"n","2056":" ","2057":" ","2058":" ","2059":" ","2060":" ","2061":" ","2062":"<","2063":"N","2064":"u","2065":"x","2066":"t","2067":"L","2068":"i","2069":"n","2070":"k","2071":" ","2072":"t","2073":"o","2074":"=","2075":"\\","2076":"\"","2077":"/","2078":"\\","2079":"\"","2080":" ","2081":"c","2082":"l","2083":"a","2084":"s","2085":"s","2086":"=","2087":"\\","2088":"\"","2089":"b","2090":"a","2091":"c","2092":"k","2093":"-","2094":"b","2095":"u","2096":"t","2097":"t","2098":"o","2099":"n","2100":"\\","2101":"\"","2102":">","2103":"\\","2104":"n","2105":" ","2106":" ","2107":" ","2108":" ","2109":" ","2110":" ","2111":" ","2112":" ","2113":"戻","2114":"る","2115":"\\","2116":"n","2117":" ","2118":" ","2119":" ","2120":" ","2121":" ","2122":" ","2123":"<","2124":"/","2125":"N","2126":"u","2127":"x","2128":"t","2129":"L","2130":"i","2131":"n","2132":"k","2133":">","2134":"\\","2135":"n","2136":" ","2137":" ","2138":" ","2139":" ","2140":" ","2141":" ","2142":"<","2143":"p","2144":" ","2145":"c","2146":"l","2147":"a","2148":"s","2149":"s","2150":"=","2151":"\\","2152":"\"","2153":"t","2154":"e","2155":"x","2156":"t","2157":"-","2158":"c","2159":"e","2160":"n","2161":"t","2162":"e","2163":"r","2164":" ","2165":"t","2166":"e","2167":"x","2168":"t","2169":"-","2170":"s","2171":"m","2172":" ","2173":"t","2174":"e","2175":"x","2176":"t","2177":"-","2178":"g","2179":"r","2180":"a","2181":"y","2182":"-","2183":"4","2184":"0","2185":"0","2186":" ","2187":"m","2188":"t","2189":"-","2190":"4","2191":"\\","2192":"\"","2193":">","2194":"o","2195":"r","2196":" ","2197":"ス","2198":"ペ","2199":"ー","2200":"ス","2201":"キ","2202":"ー","2203":"で","2204":"戻","2205":"る","2206":"<","2207":"/","2208":"p","2209":">","2210":"\\","2211":"n","2212":" ","2213":" ","2214":" ","2215":" ","2216":"<","2217":"/","2218":"d","2219":"i","2220":"v","2221":">","2222":"\\","2223":"n","2224":" ","2225":" ","2226":"<","2227":"/","2228":"d","2229":"i","2230":"v","2231":">","2232":"\\","2233":"n","2234":"<","2235":"/","2236":"t","2237":"e","2238":"m","2239":"p","2240":"l","2241":"a","2242":"t","2243":"e","2244":">","2245":"\\","2246":"n","2247":"\\","2248":"n","2249":"<","2250":"s","2251":"t","2252":"y","2253":"l","2254":"e","2255":" ","2256":"s","2257":"c","2258":"o","2259":"p","2260":"e","2261":"d","2262":">","2263":"\\","2264":"n","2265":".","2266":"r","2267":"e","2268":"s","2269":"u","2270":"l","2271":"t","2272":"-","2273":"c","2274":"o","2275":"n","2276":"t","2277":"a","2278":"i","2279":"n","2280":"e","2281":"r","2282":" ","2283":"{","2284":"\\","2285":"n","2286":" ","2287":" ","2288":"m","2289":"i","2290":"n","2291":"-","2292":"h","2293":"e","2294":"i","2295":"g","2296":"h","2297":"t","2298":":","2299":" ","2300":"1","2301":"0","2302":"0","2303":"v","2304":"h","2305":";","2306":"\\","2307":"n","2308":" ","2309":" ","2310":"b","2311":"a","2312":"c","2313":"k","2314":"g","2315":"r","2316":"o","2317":"u","2318":"n","2319":"d","2320":"-","2321":"c","2322":"o","2323":"l","2324":"o","2325":"r","2326":":","2327":" ","2328":"#","2329":"1","2330":"a","2331":"2","2332":"0","2333":"2","2334":"c","2335":";","2336":"\\","2337":"n","2338":" ","2339":" ","2340":"c","2341":"o","2342":"l","2343":"o","2344":"r","2345":":","2346":" ","2347":"w","2348":"h","2349":"i","2350":"t","2351":"e","2352":";","2353":"\\","2354":"n","2355":" ","2356":" ","2357":"d","2358":"i","2359":"s","2360":"p","2361":"l","2362":"a","2363":"y","2364":":","2365":" ","2366":"f","2367":"l","2368":"e","2369":"x","2370":";","2371":"\\","2372":"n","2373":" ","2374":" ","2375":"f","2376":"l","2377":"e","2378":"x","2379":"-","2380":"d","2381":"i","2382":"r","2383":"e","2384":"c","2385":"t","2386":"i","2387":"o","2388":"n","2389":":","2390":" ","2391":"c","2392":"o","2393":"l","2394":"u","2395":"m","2396":"n","2397":";","2398":"\\","2399":"n","2400":" ","2401":" ","2402":"a","2403":"l","2404":"i","2405":"g","2406":"n","2407":"-","2408":"i","2409":"t","2410":"e","2411":"m","2412":"s","2413":":","2414":" ","2415":"c","2416":"e","2417":"n","2418":"t","2419":"e","2420":"r","2421":";","2422":"\\","2423":"n","2424":" ","2425":" ","2426":"j","2427":"u","2428":"s","2429":"t","2430":"i","2431":"f","2432":"y","2433":"-","2434":"c","2435":"o","2436":"n","2437":"t","2438":"e","2439":"n","2440":"t","2441":":","2442":" ","2443":"c","2444":"e","2445":"n","2446":"t","2447":"e","2448":"r","2449":";","2450":"\\","2451":"n","2452":"}","2453":"\\","2454":"n","2455":"\\","2456":"n","2457":".","2458":"r","2459":"e","2460":"s","2461":"u","2462":"l","2463":"t","2464":"-","2465":"b","2466":"o","2467":"x","2468":" ","2469":"{","2470":"\\","2471":"n","2472":" ","2473":" ","2474":"w","2475":"i","2476":"d","2477":"t","2478":"h","2479":":","2480":" ","2481":"1","2482":"0","2483":"0","2484":"%","2485":";","2486":"\\","2487":"n","2488":" ","2489":" ","2490":"m","2491":"a","2492":"x","2493":"-","2494":"w","2495":"i","2496":"d","2497":"t","2498":"h","2499":":","2500":" ","2501":"2","2502":"8","2503":"r","2504":"e","2505":"m","2506":";","2507":"\\","2508":"n","2509":" ","2510":" ","2511":"p","2512":"a","2513":"d","2514":"d","2515":"i","2516":"n","2517":"g","2518":":","2519":" ","2520":"2","2521":"r","2522":"e","2523":"m","2524":";","2525":"\\","2526":"n","2527":" ","2528":" ","2529":"b","2530":"a","2531":"c","2532":"k","2533":"g","2534":"r","2535":"o","2536":"u","2537":"n","2538":"d","2539":"-","2540":"c","2541":"o","2542":"l","2543":"o","2544":"r","2545":":","2546":" ","2547":"r","2548":"g","2549":"b","2550":"a","2551":"(","2552":"2","2553":"5","2554":"5","2555":",","2556":" ","2557":"2","2558":"5","2559":"5","2560":",","2561":" ","2562":"2","2563":"5","2564":"5","2565":",","2566":" ","2567":"0","2568":".","2569":"1","2570":")","2571":";","2572":"\\","2573":"n","2574":" ","2575":" ","2576":"b","2577":"o","2578":"r","2579":"d","2580":"e","2581":"r","2582":"-","2583":"r","2584":"a","2585":"d","2586":"i","2587":"u","2588":"s","2589":":","2590":" ","2591":"0","2592":".","2593":"5","2594":"r","2595":"e","2596":"m","2597":";","2598":"\\","2599":"n","2600":" ","2601":" ","2602":"t","2603":"e","2604":"x","2605":"t","2606":"-","2607":"a","2608":"l","2609":"i","2610":"g","2611":"n","2612":":","2613":" ","2614":"c","2615":"e","2616":"n","2617":"t","2618":"e","2619":"r","2620":";","2621":"\\","2622":"n","2623":"}","2624":"\\","2625":"n","2626":"\\","2627":"n","2628":".","2629":"r","2630":"e","2631":"s","2632":"u","2633":"l","2634":"t","2635":"-","2636":"t","2637":"i","2638":"t","2639":"l","2640":"e","2641":" ","2642":"{","2643":"\\","2644":"n","2645":" ","2646":" ","2647":"f","2648":"o","2649":"n","2650":"t","2651":"-","2652":"s","2653":"i","2654":"z","2655":"e","2656":":","2657":" ","2658":"1","2659":".","2660":"8","2661":"7","2662":"5","2663":"r","2664":"e","2665":"m","2666":";","2667":"\\","2668":"n","2669":" ","2670":" ","2671":"f","2672":"o","2673":"n","2674":"t","2675":"-","2676":"w","2677":"e","2678":"i","2679":"g","2680":"h","2681":"t","2682":":","2683":" ","2684":"b","2685":"o","2686":"l","2687":"d","2688":";","2689":"\\","2690":"n","2691":" ","2692":" ","2693":"m","2694":"a","2695":"r","2696":"g","2697":"i","2698":"n","2699":"-","2700":"b","2701":"o","2702":"t","2703":"t","2704":"o","2705":"m","2706":":","2707":" ","2708":"0","2709":".","2710":"2","2711":"5","2712":"r","2713":"e","2714":"m","2715":";","2716":"\\","2717":"n","2718":"}","2719":"\\","2720":"n","2721":"\\","2722":"n","2723":".","2724":"r","2725":"e","2726":"s","2727":"u","2728":"l","2729":"t","2730":"-","2731":"n","2732":"u","2733":"m","2734":"b","2735":"e","2736":"r","2737":" ","2738":"{","2739":"\\","2740":"n","2741":" ","2742":" ","2743":"f","2744":"o","2745":"n","2746":"t","2747":"-","2748":"s","2749":"i","2750":"z","2751":"e","2752":":","2753":" ","2754":"1","2755":"2","2756":".","2757":"5","2758":"r","2759":"e","2760":"m","2761":";","2762":"\\","2763":"n","2764":" ","2765":" ","2766":"m","2767":"a","2768":"r","2769":"g","2770":"i","2771":"n","2772":"-","2773":"b","2774":"o","2775":"t","2776":"t","2777":"o","2778":"m","2779":":","2780":" ","2781":"2","2782":"r","2783":"e","2784":"m","2785":";","2786":"\\","2787":"n","2788":"}","2789":"\\","2790":"n","2791":"\\","2792":"n","2793":".","2794":"b","2795":"a","2796":"c","2797":"k","2798":"-","2799":"b","2800":"u","2801":"t","2802":"t","2803":"o","2804":"n","2805":" ","2806":"{","2807":"\\","2808":"n","2809":" ","2810":" ","2811":"b","2812":"a","2813":"c","2814":"k","2815":"g","2816":"r","2817":"o","2818":"u","2819":"n","2820":"d","2821":"-","2822":"c","2823":"o","2824":"l","2825":"o","2826":"r","2827":":","2828":" ","2829":"#","2830":"d","2831":"5","2832":"3","2833":"f","2834":"8","2835":"c","2836":";","2837":"\\","2838":"n","2839":" ","2840":" ","2841":"c","2842":"o","2843":"l","2844":"o","2845":"r","2846":":","2847":" ","2848":"w","2849":"h","2850":"i","2851":"t","2852":"e","2853":";","2854":"\\","2855":"n","2856":" ","2857":" ","2858":"f","2859":"o","2860":"n","2861":"t","2862":"-","2863":"w","2864":"e","2865":"i","2866":"g","2867":"h","2868":"t","2869":":","2870":" ","2871":"b","2872":"o","2873":"l","2874":"d","2875":";","2876":"\\","2877":"n","2878":" ","2879":" ","2880":"p","2881":"a","2882":"d","2883":"d","2884":"i","2885":"n","2886":"g","2887":":","2888":" ","2889":"1","2890":"r","2891":"e","2892":"m","2893":" ","2894":"2","2895":"r","2896":"e","2897":"m","2898":";","2899":"\\","2900":"n","2901":" ","2902":" ","2903":"b","2904":"o","2905":"r","2906":"d","2907":"e","2908":"r","2909":"-","2910":"r","2911":"a","2912":"d","2913":"i","2914":"u","2915":"s","2916":":","2917":" ","2918":"0","2919":".","2920":"2","2921":"5","2922":"r","2923":"e","2924":"m","2925":";","2926":"\\","2927":"n","2928":" ","2929":" ","2930":"t","2931":"e","2932":"x","2933":"t","2934":"-","2935":"d","2936":"e","2937":"c","2938":"o","2939":"r","2940":"a","2941":"t","2942":"i","2943":"o","2944":"n","2945":":","2946":" ","2947":"n","2948":"o","2949":"n","2950":"e","2951":";","2952":"\\","2953":"n","2954":" ","2955":" ","2956":"f","2957":"o","2958":"n","2959":"t","2960":"-","2961":"s","2962":"i","2963":"z","2964":"e","2965":":","2966":" ","2967":"1","2968":".","2969":"5","2970":"r","2971":"e","2972":"m","2973":";","2974":"\\","2975":"n","2976":" ","2977":" ","2978":"t","2979":"r","2980":"a","2981":"n","2982":"s","2983":"i","2984":"t","2985":"i","2986":"o","2987":"n","2988":":","2989":" ","2990":"b","2991":"a","2992":"c","2993":"k","2994":"g","2995":"r","2996":"o","2997":"u","2998":"n","2999":"d","3000":"-","3001":"c","3002":"o","3003":"l","3004":"o","3005":"r","3006":" ","3007":"0","3008":".","3009":"3","3010":"s","3011":";","3012":"\\","3013":"n","3014":"\\","3015":"n","3016":" ","3017":" ","3018":"&","3019":":","3020":"h","3021":"o","3022":"v","3023":"e","3024":"r","3025":" ","3026":"{","3027":"\\","3028":"n","3029":" ","3030":" ","3031":" ","3032":" ","3033":"b","3034":"a","3035":"c","3036":"k","3037":"g","3038":"r","3039":"o","3040":"u","3041":"n","3042":"d","3043":"-","3044":"c","3045":"o","3046":"l","3047":"o","3048":"r","3049":":","3050":" ","3051":"#","3052":"b","3053":"8","3054":"3","3055":"2","3056":"8","3057":"0","3058":";","3059":"\\","3060":"n","3061":" ","3062":" ","3063":"}","3064":"\\","3065":"n","3066":"}","3067":"\\","3068":"n","3069":"<","3070":"/","3071":"s","3072":"t","3073":"y","3074":"l","3075":"e","3076":">","3077":"\"","3078":"]","3079":"}"}}
}
