{"/Users/urassh/Documents/NuxtProjects/lottery/pages/index.vue": {"path":"/Users/urassh/Documents/NuxtProjects/lottery/pages/index.vue","statementMap":{"0":{"start":{"line":3,"column":0},"end":{"line":5,"column":3}},"1":{"start":{"line":6,"column":12},"end":{"line":6,"column":26}},"2":{"start":{"line":7,"column":16},"end":{"line":7,"column":48}},"3":{"start":{"line":8,"column":19},"end":{"line":8,"column":40}},"4":{"start":{"line":9,"column":0},"end":{"line":39,"column":3}},"5":{"start":{"line":12,"column":19},"end":{"line":12,"column":28}},"6":{"start":{"line":13,"column":4},"end":{"line":13,"column":15}},"7":{"start":{"line":14,"column":18},"end":{"line":16,"column":6}},"8":{"start":{"line":15,"column":6},"end":{"line":15,"column":16}},"9":{"start":{"line":17,"column":17},"end":{"line":17,"column":46}},"10":{"start":{"line":19,"column":23},"end":{"line":19,"column":52}},"11":{"start":{"line":20,"column":6},"end":{"line":20,"column":37}},"12":{"start":{"line":21,"column":6},"end":{"line":26,"column":9}},"13":{"start":{"line":28,"column":23},"end":{"line":32,"column":5}},"14":{"start":{"line":33,"column":4},"end":{"line":36,"column":7}},"15":{"start":{"line":37,"column":4},"end":{"line":37,"column":24}},"16":{"start":{"line":41,"column":0},"end":{"line":41,"column":62}},"17":{"start":{"line":42,"column":0},"end":{"line":42,"column":24}},"18":{"start":{"line":43,"column":12},"end":{"line":43,"column":26}},"19":{"start":{"line":44,"column":17},"end":{"line":44,"column":70}},"20":{"start":{"line":45,"column":31},"end":{"line":45,"column":144}},"21":{"start":{"line":46,"column":17},"end":{"line":46,"column":70}},"22":{"start":{"line":47,"column":31},"end":{"line":47,"column":133}},"23":{"start":{"line":49,"column":4},"end":{"line":75,"column":8}},"24":{"start":{"line":68,"column":20},"end":{"line":71,"column":74}},"25":{"start":{"line":77,"column":1},"end":{"line":77,"column":48}}},"fnMap":{"0":{"name":"(anonymous_0)","decl":{"start":{"line":11,"column":9},"end":{"line":11,"column":10}},"loc":{"start":{"line":11,"column":32},"end":{"line":38,"column":3}},"line":11},"1":{"name":"(anonymous_1)","decl":{"start":{"line":14,"column":55},"end":{"line":14,"column":56}},"loc":{"start":{"line":14,"column":67},"end":{"line":16,"column":5}},"line":14},"2":{"name":"drawNumber","decl":{"start":{"line":18,"column":13},"end":{"line":18,"column":23}},"loc":{"start":{"line":18,"column":26},"end":{"line":27,"column":5}},"line":18},"3":{"name":"render","decl":{"start":{"line":48,"column":9},"end":{"line":48,"column":15}},"loc":{"start":{"line":48,"column":63},"end":{"line":76,"column":1}},"line":48},"4":{"name":"(anonymous_4)","decl":{"start":{"line":67,"column":135},"end":{"line":67,"column":136}},"loc":{"start":{"line":67,"column":160},"end":{"line":72,"column":17}},"line":67}},"branchMap":{},"s":{"0":0,"1":0,"2":0,"3":0,"4":0,"5":0,"6":0,"7":0,"8":0,"9":0,"10":0,"11":0,"12":0,"13":0,"14":0,"15":0,"16":0,"17":0,"18":0,"19":0,"20":0,"21":0,"22":0,"23":0,"24":0,"25":0},"f":{"0":0,"1":0,"2":0,"3":0,"4":0},"b":{},"inputSourceMap":{"0":"{","1":"\"","2":"v","3":"e","4":"r","5":"s","6":"i","7":"o","8":"n","9":"\"","10":":","11":"3","12":",","13":"\"","14":"s","15":"o","16":"u","17":"r","18":"c","19":"e","20":"s","21":"\"","22":":","23":"[","24":"\"","25":"/","26":"U","27":"s","28":"e","29":"r","30":"s","31":"/","32":"u","33":"r","34":"a","35":"s","36":"s","37":"h","38":"/","39":"D","40":"o","41":"c","42":"u","43":"m","44":"e","45":"n","46":"t","47":"s","48":"/","49":"N","50":"u","51":"x","52":"t","53":"P","54":"r","55":"o","56":"j","57":"e","58":"c","59":"t","60":"s","61":"/","62":"l","63":"o","64":"t","65":"t","66":"e","67":"r","68":"y","69":"/","70":"p","71":"a","72":"g","73":"e","74":"s","75":"/","76":"i","77":"n","78":"d","79":"e","80":"x","81":".","82":"v","83":"u","84":"e","85":"\"","86":"]","87":",","88":"\"","89":"n","90":"a","91":"m","92":"e","93":"s","94":"\"","95":":","96":"[","97":"]","98":",","99":"\"","100":"m","101":"a","102":"p","103":"p","104":"i","105":"n","106":"g","107":"s","108":"\"","109":":","110":"\"","111":";","112":";","113":"A","114":"A","115":"C","116":"A","117":",","118":"M","119":"A","120":"A","121":"M","122":",","123":"C","124":"A","125":"A","126":"C","127":",","128":"c","129":"A","130":"A","131":"c","132":",","133":"C","134":"A","135":"A","136":"C","137":",","138":"O","139":"A","140":"A","141":"O","142":",","143":"E","144":"A","145":"A","146":"E","147":",","148":"Y","149":"A","150":"A","151":"Y","152":",","153":"E","154":"A","155":"A","156":"E","157":";","158":"E","159":"A","160":"A","161":"E","162":",","163":"K","164":"A","165":"A","166":"K","167":",","168":"E","169":"A","170":"A","171":"E","172":";","173":"A","174":"A","175":"A","176":"K","177":",","178":"C","179":"A","180":"A","181":"C","182":",","183":"C","184":"A","185":"A","186":"C","187":";","188":"A","189":"A","190":"C","191":"7","192":"D","193":",","194":"I","195":"A","196":"A","197":"I","198":",","199":"K","200":"A","201":"A","202":"K","203":",","204":"G","205":"A","206":"A","207":"G","208":",","209":"O","210":"A","211":"A","212":"O","213":",","214":"C","215":"A","216":"A","217":"C","218":",","219":"K","220":"A","221":"A","222":"K","223":",","224":"C","225":"A","226":"A","227":"C","228":";","229":"A","230":"A","231":"C","232":"1","233":"B","234":",","235":"I","236":"A","237":"A","238":"I","239":",","240":"S","241":"A","242":"A","243":"S","244":",","245":"G","246":"A","247":"A","248":"G","249":",","250":"O","251":"A","252":"A","253":"O","254":",","255":"C","256":"A","257":"A","258":"C","259":",","260":"u","261":"B","262":"A","263":"A","264":"u","265":"B","266":",","267":"C","268":"A","269":"A","270":"C","271":";","272":";","273":";","274":";","275":";","276":";","277":"I","278":"A","279":"H","280":"x","281":"C","282":",","283":"Q","284":"A","285":"A","286":"Q","287":",","288":"C","289":"A","290":"A","291":"C","292":",","293":"C","294":"A","295":"A","296":"C","297":";","298":"I","299":"A","300":"I","301":"V","302":",","303":"I","304":"A","305":"A","306":"I","307":",","308":"O","309":"A","310":"A","311":"O","312":",","313":"G","314":"A","315":"A","316":"G","317":",","318":"C","319":"A","320":"A","321":"C","322":",","323":"C","324":"A","325":"A","326":"C","327":",","328":"E","329":"A","330":"A","331":"E","332":",","333":"S","334":"A","335":"A","336":"S","337":",","338":"C","339":"A","340":"A","341":"C","342":",","343":"U","344":"A","345":"A","346":"U","347":",","348":"E","349":"A","350":"A","351":"E","352":",","353":"S","354":"A","355":"A","356":"S","357":",","358":"E","359":"A","360":"A","361":"E","362":",","363":"Y","364":"A","365":"A","366":"Y","367":";","368":"M","369":"A","370":"A","371":"E","372":",","373":"O","374":"A","375":"A","376":"O","377":",","378":"E","379":"A","380":"A","381":"E","382":";","383":"I","384":"A","385":"A","386":"E","387":",","388":"C","389":"A","390":"A","391":"C","392":",","393":"C","394":"A","395":"A","396":"C","397":";","398":"I","399":"A","400":"C","401":"9","402":"E","403":",","404":"I","405":"A","406":"A","407":"I","408":",","409":"M","410":"A","411":"A","412":"M","413":",","414":"G","415":"A","416":"A","417":"G","418":",","419":"C","420":"A","421":"A","422":"C","423":",","424":"C","425":"A","426":"A","427":"C","428":",","429":"E","430":"A","431":"A","432":"E","433":",","434":"Y","435":"A","436":"A","437":"Y","438":",","439":"C","440":"A","441":"A","442":"C","443":",","444":"S","445":"A","446":"A","447":"S","448":",","449":"E","450":"A","451":"A","452":"E","453":",","454":"C","455":"A","456":"A","457":"C","458":";","459":"I","460":"A","461":"C","462":"1","463":"C","464":",","465":"S","466":"A","467":"A","468":"S","469":",","470":"U","471":"A","472":"A","473":"U","474":",","475":"G","476":"A","477":"A","478":"G","479":";","480":"M","481":"A","482":"C","483":"l","484":"B","485":",","486":"I","487":"A","488":"A","489":"I","490":",","491":"U","492":"A","493":"A","494":"U","495":",","496":"G","497":"A","498":"A","499":"G","500":",","501":"c","502":"A","503":"A","504":"c","505":",","506":"C","507":"A","508":"A","509":"C","510":",","511":"O","512":"A","513":"A","514":"O","515":",","516":"C","517":"A","518":"A","519":"C","520":",","521":"K","522":"A","523":"A","524":"K","525":",","526":"C","527":"A","528":"A","529":"C","530":";","531":"M","532":"A","533":"C","534":"9","535":"C","536":",","537":"O","538":"A","539":"A","540":"O","541":",","542":"C","543":"A","544":"A","545":"C","546":",","547":"K","548":"A","549":"A","550":"K","551":",","552":"C","553":"A","554":"A","555":"C","556":",","557":"I","558":"A","559":"A","560":"I","561":",","562":"C","563":"A","564":"A","565":"C","566":",","567":"U","568":"A","569":"A","570":"U","571":",","572":"C","573":"A","574":"A","575":"C","576":";","577":"M","578":"A","579":"C","580":"9","581":"B","582":",","583":"M","584":"A","585":"A","586":"M","587":",","588":"C","589":"A","590":"A","591":"C","592":",","593":"I","594":"A","595":"A","596":"I","597":",","598":"C","599":"A","600":"A","601":"C","602":";","603":"Q","604":"A","605":"A","606":"E","607":",","608":"I","609":"A","610":"A","611":"I","612":",","613":"E","614":"A","615":"A","616":"E","617":",","618":"S","619":"A","620":"A","621":"S","622":";","623":"Q","624":"A","625":"A","626":"E","627":",","628":"K","629":"A","630":"A","631":"K","632":",","633":"E","634":"A","635":"A","636":"E","637":";","638":"U","639":"A","640":"A","641":"E","642":",","643":"M","644":"A","645":"A","646":"M","647":",","648":"E","649":"A","650":"A","651":"E","652":";","653":"Q","654":"A","655":"A","656":"W","657":";","658":"M","659":"A","660":"A","661":"E","662":",","663":"C","664":"A","665":"A","666":"C","667":",","668":"C","669":"A","670":"A","671":"C","672":";","673":"I","674":"A","675":"C","676":"n","677":"E","678":";","679":"I","680":"A","681":"C","682":"A","683":",","684":"I","685":"A","686":"A","687":"I","688":",","689":"Y","690":"A","691":"A","692":"Y","693":",","694":"G","695":"A","696":"A","697":"G","698":";","699":"M","700":"A","701":"A","702":"E","703":",","704":"O","705":"A","706":"A","707":"O","708":",","709":"E","710":"A","711":"A","712":"E","713":",","714":"O","715":"A","716":"A","717":"O","718":";","719":"M","720":"A","721":"A","722":"E","723":",","724":"M","725":"A","726":"A","727":"M","728":",","729":"E","730":"A","731":"A","732":"E","733":",","734":"M","735":"A","736":"A","737":"M","738":";","739":"M","740":"A","741":"A","742":"E","743":",","744":"U","745":"A","746":"A","747":"U","748":",","749":"E","750":"A","751":"A","752":"E","753":";","754":"I","755":"A","756":"A","757":"W","758":",","759":"C","760":"A","761":"A","762":"C","763":";","764":"I","765":"A","766":"C","767":"/","768":"E","769":",","770":"M","771":"A","772":"A","773":"M","774":",","775":"C","776":"A","777":"A","778":"C","779":",","780":"c","781":"A","782":"A","783":"c","784":",","785":"C","786":"A","787":"A","788":"C","789":",","790":"Y","791":"A","792":"A","793":"Y","794":",","795":"E","796":"A","797":"A","798":"E","799":",","800":"i","801":"B","802":"A","803":"A","804":"i","805":"B","806":",","807":"E","808":"A","809":"A","810":"E","811":";","812":"M","813":"A","814":"A","815":"E","816":",","817":"U","818":"A","819":"A","820":"U","821":",","822":"E","823":"A","824":"A","825":"E","826":",","827":"K","828":"A","829":"A","830":"K","831":";","832":"M","833":"A","834":"A","835":"E","836":",","837":"K","838":"A","839":"A","840":"K","841":",","842":"E","843":"A","844":"A","845":"E","846":";","847":"I","848":"A","849":"A","850":"K","851":",","852":"C","853":"A","854":"A","855":"C","856":",","857":"C","858":"A","859":"A","860":"C","861":";","862":"I","863":"A","864":"C","865":"1","866":"F","867":",","868":"O","869":"A","870":"A","871":"O","872":",","873":"Y","874":"A","875":"A","876":"Y","877":";","878":"E","879":"A","880":"C","881":"v","882":"B","883":"\"","884":",","885":"\"","886":"f","887":"i","888":"l","889":"e","890":"\"","891":":","892":"\"","893":"/","894":"U","895":"s","896":"e","897":"r","898":"s","899":"/","900":"u","901":"r","902":"a","903":"s","904":"s","905":"h","906":"/","907":"D","908":"o","909":"c","910":"u","911":"m","912":"e","913":"n","914":"t","915":"s","916":"/","917":"N","918":"u","919":"x","920":"t","921":"P","922":"r","923":"o","924":"j","925":"e","926":"c","927":"t","928":"s","929":"/","930":"l","931":"o","932":"t","933":"t","934":"e","935":"r","936":"y","937":"/","938":"p","939":"a","940":"g","941":"e","942":"s","943":"/","944":"i","945":"n","946":"d","947":"e","948":"x","949":".","950":"v","951":"u","952":"e","953":"\"","954":",","955":"\"","956":"s","957":"o","958":"u","959":"r","960":"c","961":"e","962":"s","963":"C","964":"o","965":"n","966":"t","967":"e","968":"n","969":"t","970":"\"","971":":","972":"[","973":"\"","974":"<","975":"s","976":"c","977":"r","978":"i","979":"p","980":"t","981":" ","982":"s","983":"e","984":"t","985":"u","986":"p","987":" ","988":"l","989":"a","990":"n","991":"g","992":"=","993":"\\","994":"\"","995":"t","996":"s","997":"\\","998":"\"","999":">","1000":"\\","1001":"n","1002":"i","1003":"m","1004":"p","1005":"o","1006":"r","1007":"t","1008":" ","1009":"{","1010":" ","1011":"u","1012":"s","1013":"e","1014":"P","1015":"e","1016":"r","1017":"s","1018":"i","1019":"s","1020":"t","1021":" ","1022":"}","1023":" ","1024":"f","1025":"r","1026":"o","1027":"m","1028":" ","1029":"'","1030":"~","1031":"/","1032":"c","1033":"o","1034":"m","1035":"p","1036":"o","1037":"s","1038":"a","1039":"b","1040":"l","1041":"e","1042":"s","1043":"/","1044":"p","1045":"e","1046":"r","1047":"s","1048":"i","1049":"s","1050":"t","1051":"'","1052":";","1053":"\\","1054":"n","1055":"i","1056":"m","1057":"p","1058":"o","1059":"r","1060":"t","1061":" ","1062":"{","1063":" ","1064":"u","1065":"s","1066":"e","1067":"R","1068":"o","1069":"u","1070":"t","1071":"e","1072":"r","1073":" ","1074":"}","1075":" ","1076":"f","1077":"r","1078":"o","1079":"m","1080":" ","1081":"'","1082":"v","1083":"u","1084":"e","1085":"-","1086":"r","1087":"o","1088":"u","1089":"t","1090":"e","1091":"r","1092":"'","1093":";","1094":"\\","1095":"n","1096":"\\","1097":"n","1098":"c","1099":"o","1100":"n","1101":"s","1102":"t","1103":" ","1104":"n","1105":"u","1106":"m","1107":"b","1108":"e","1109":"r","1110":"s","1111":" ","1112":"=","1113":" ","1114":"u","1115":"s","1116":"e","1117":"P","1118":"e","1119":"r","1120":"s","1121":"i","1122":"s","1123":"t","1124":"<","1125":"s","1126":"t","1127":"r","1128":"i","1129":"n","1130":"g","1131":"[","1132":"]","1133":">","1134":"(","1135":"'","1136":"n","1137":"u","1138":"m","1139":"b","1140":"e","1141":"r","1142":"s","1143":"'","1144":",","1145":" ","1146":"(","1147":")","1148":" ","1149":"=","1150":">","1151":" ","1152":"[","1153":"]","1154":")","1155":";","1156":"\\","1157":"n","1158":"c","1159":"o","1160":"n","1161":"s","1162":"t","1163":" ","1164":"r","1165":"o","1166":"u","1167":"t","1168":"e","1169":"r","1170":" ","1171":"=","1172":" ","1173":"u","1174":"s","1175":"e","1176":"R","1177":"o","1178":"u","1179":"t","1180":"e","1181":"r","1182":"(","1183":")","1184":";","1185":"\\","1186":"n","1187":"\\","1188":"n","1189":"f","1190":"u","1191":"n","1192":"c","1193":"t","1194":"i","1195":"o","1196":"n","1197":" ","1198":"d","1199":"r","1200":"a","1201":"w","1202":"N","1203":"u","1204":"m","1205":"b","1206":"e","1207":"r","1208":"(","1209":")","1210":" ","1211":"{","1212":"\\","1213":"n","1214":" ","1215":" ","1216":"c","1217":"o","1218":"n","1219":"s","1220":"t","1221":" ","1222":"d","1223":"r","1224":"e","1225":"w","1226":"N","1227":"u","1228":"m","1229":"b","1230":"e","1231":"r","1232":" ","1233":"=","1234":" ","1235":"n","1236":"u","1237":"m","1238":"b","1239":"e","1240":"r","1241":"P","1242":"r","1243":"o","1244":"v","1245":"i","1246":"d","1247":"e","1248":"r","1249":"(","1250":"n","1251":"u","1252":"m","1253":"b","1254":"e","1255":"r","1256":"s","1257":".","1258":"v","1259":"a","1260":"l","1261":"u","1262":"e","1263":")","1264":";","1265":"\\","1266":"n","1267":"\\","1268":"n","1269":" ","1270":" ","1271":"n","1272":"u","1273":"m","1274":"b","1275":"e","1276":"r","1277":"s","1278":".","1279":"v","1280":"a","1281":"l","1282":"u","1283":"e","1284":".","1285":"p","1286":"u","1287":"s","1288":"h","1289":"(","1290":"d","1291":"r","1292":"e","1293":"w","1294":"N","1295":"u","1296":"m","1297":"b","1298":"e","1299":"r","1300":")","1301":";","1302":"\\","1303":"n","1304":"\\","1305":"n","1306":" ","1307":" ","1308":"r","1309":"o","1310":"u","1311":"t","1312":"e","1313":"r","1314":".","1315":"p","1316":"u","1317":"s","1318":"h","1319":"(","1320":"{","1321":" ","1322":"p","1323":"a","1324":"t","1325":"h","1326":":","1327":" ","1328":"'","1329":"/","1330":"r","1331":"e","1332":"s","1333":"u","1334":"l","1335":"t","1336":"'","1337":",","1338":" ","1339":"q","1340":"u","1341":"e","1342":"r","1343":"y","1344":":","1345":" ","1346":"{","1347":" ","1348":"n","1349":"u","1350":"m","1351":"b","1352":"e","1353":"r","1354":":","1355":" ","1356":"d","1357":"r","1358":"e","1359":"w","1360":"N","1361":"u","1362":"m","1363":"b","1364":"e","1365":"r","1366":" ","1367":"}","1368":" ","1369":"}","1370":")","1371":";","1372":"\\","1373":"n","1374":"}","1375":"\\","1376":"n","1377":"\\","1378":"n","1379":"<","1380":"/","1381":"s","1382":"c","1383":"r","1384":"i","1385":"p","1386":"t","1387":">","1388":"\\","1389":"n","1390":"<","1391":"t","1392":"e","1393":"m","1394":"p","1395":"l","1396":"a","1397":"t","1398":"e","1399":">","1400":"\\","1401":"n","1402":" ","1403":" ","1404":"<","1405":"d","1406":"i","1407":"v","1408":" ","1409":"c","1410":"l","1411":"a","1412":"s","1413":"s","1414":"=","1415":"\\","1416":"\"","1417":"m","1418":"i","1419":"n","1420":"-","1421":"h","1422":"-","1423":"s","1424":"c","1425":"r","1426":"e","1427":"e","1428":"n","1429":" ","1430":"b","1431":"g","1432":"-","1433":"g","1434":"r","1435":"a","1436":"y","1437":"-","1438":"9","1439":"0","1440":"0","1441":" ","1442":"t","1443":"e","1444":"x","1445":"t","1446":"-","1447":"w","1448":"h","1449":"i","1450":"t","1451":"e","1452":" ","1453":"f","1454":"l","1455":"e","1456":"x","1457":"\\","1458":"\"","1459":">","1460":"\\","1461":"n","1462":" ","1463":" ","1464":" ","1465":" ","1466":"<","1467":"!","1468":"-","1469":"-","1470":" ","1471":"中","1472":"央","1473":"の","1474":"セ","1475":"ク","1476":"シ","1477":"ョ","1478":"ン","1479":" ","1480":"-","1481":"-","1482":">","1483":"\\","1484":"n","1485":" ","1486":" ","1487":" ","1488":" ","1489":"<","1490":"d","1491":"i","1492":"v","1493":" ","1494":"c","1495":"l","1496":"a","1497":"s","1498":"s","1499":"=","1500":"\\","1501":"\"","1502":"f","1503":"l","1504":"e","1505":"x","1506":"-","1507":"1","1508":" ","1509":"f","1510":"l","1511":"e","1512":"x","1513":" ","1514":"i","1515":"t","1516":"e","1517":"m","1518":"s","1519":"-","1520":"c","1521":"e","1522":"n","1523":"t","1524":"e","1525":"r","1526":" ","1527":"j","1528":"u","1529":"s","1530":"t","1531":"i","1532":"f","1533":"y","1534":"-","1535":"c","1536":"e","1537":"n","1538":"t","1539":"e","1540":"r","1541":"\\","1542":"\"","1543":">","1544":"\\","1545":"n","1546":" ","1547":" ","1548":" ","1549":" ","1550":" ","1551":" ","1552":"<","1553":"d","1554":"i","1555":"v","1556":" ","1557":"c","1558":"l","1559":"a","1560":"s","1561":"s","1562":"=","1563":"\\","1564":"\"","1565":"w","1566":"-","1567":"f","1568":"u","1569":"l","1570":"l","1571":" ","1572":"m","1573":"a","1574":"x","1575":"-","1576":"w","1577":"-","1578":"m","1579":"d","1580":" ","1581":"p","1582":"-","1583":"4","1584":" ","1585":"b","1586":"g","1587":"-","1588":"t","1589":"r","1590":"a","1591":"n","1592":"s","1593":"p","1594":"a","1595":"r","1596":"e","1597":"n","1598":"t","1599":"W","1600":"h","1601":"i","1602":"t","1603":"e","1604":" ","1605":"r","1606":"o","1607":"u","1608":"n","1609":"d","1610":"e","1611":"d","1612":"-","1613":"l","1614":"g","1615":"\\","1616":"\"","1617":">","1618":"\\","1619":"n","1620":" ","1621":" ","1622":" ","1623":" ","1624":" ","1625":" ","1626":" ","1627":" ","1628":"<","1629":"h","1630":"1","1631":" ","1632":"c","1633":"l","1634":"a","1635":"s","1636":"s","1637":"=","1638":"\\","1639":"\"","1640":"t","1641":"e","1642":"x","1643":"t","1644":"-","1645":"c","1646":"e","1647":"n","1648":"t","1649":"e","1650":"r","1651":" ","1652":"t","1653":"e","1654":"x","1655":"t","1656":"-","1657":"2","1658":"x","1659":"l","1660":" ","1661":"f","1662":"o","1663":"n","1664":"t","1665":"-","1666":"b","1667":"o","1668":"l","1669":"d","1670":" ","1671":"m","1672":"b","1673":"-","1674":"4","1675":"\\","1676":"\"","1677":">","1678":"中","1679":"夜","1680":"祭","1681":"・","1682":"抽","1683":"選","1684":"<","1685":"/","1686":"h","1687":"1","1688":">","1689":"\\","1690":"n","1691":"\\","1692":"n","1693":" ","1694":" ","1695":" ","1696":" ","1697":" ","1698":" ","1699":" ","1700":" ","1701":"<","1702":"!","1703":"-","1704":"-","1705":" ","1706":"抽","1707":"選","1708":"ボ","1709":"タ","1710":"ン","1711":"セ","1712":"ク","1713":"シ","1714":"ョ","1715":"ン","1716":" ","1717":"-","1718":"-","1719":">","1720":"\\","1721":"n","1722":" ","1723":" ","1724":" ","1725":" ","1726":" ","1727":" ","1728":" ","1729":" ","1730":"<","1731":"d","1732":"i","1733":"v","1734":">","1735":"\\","1736":"n","1737":" ","1738":" ","1739":" ","1740":" ","1741":" ","1742":" ","1743":" ","1744":" ","1745":" ","1746":" ","1747":"<","1748":"b","1749":"u","1750":"t","1751":"t","1752":"o","1753":"n","1754":" ","1755":"@","1756":"c","1757":"l","1758":"i","1759":"c","1760":"k","1761":"=","1762":"\\","1763":"\"","1764":"d","1765":"r","1766":"a","1767":"w","1768":"N","1769":"u","1770":"m","1771":"b","1772":"e","1773":"r","1774":"\\","1775":"\"","1776":" ","1777":"c","1778":"l","1779":"a","1780":"s","1781":"s","1782":"=","1783":"\\","1784":"\"","1785":"w","1786":"-","1787":"f","1788":"u","1789":"l","1790":"l","1791":" ","1792":"b","1793":"g","1794":"-","1795":"p","1796":"i","1797":"n","1798":"k","1799":"-","1800":"5","1801":"0","1802":"0","1803":" ","1804":"h","1805":"o","1806":"v","1807":"e","1808":"r","1809":":","1810":"b","1811":"g","1812":"-","1813":"p","1814":"i","1815":"n","1816":"k","1817":"-","1818":"7","1819":"0","1820":"0","1821":" ","1822":"t","1823":"e","1824":"x","1825":"t","1826":"-","1827":"w","1828":"h","1829":"i","1830":"t","1831":"e","1832":" ","1833":"f","1834":"o","1835":"n","1836":"t","1837":"-","1838":"b","1839":"o","1840":"l","1841":"d","1842":" ","1843":"p","1844":"y","1845":"-","1846":"2","1847":" ","1848":"p","1849":"x","1850":"-","1851":"4","1852":" ","1853":"r","1854":"o","1855":"u","1856":"n","1857":"d","1858":"e","1859":"d","1860":"\\","1861":"\"","1862":">","1863":"\\","1864":"n","1865":" ","1866":" ","1867":" ","1868":" ","1869":" ","1870":" ","1871":" ","1872":" ","1873":" ","1874":" ","1875":" ","1876":" ","1877":"抽","1878":"選","1879":"す","1880":"る","1881":"\\","1882":"n","1883":" ","1884":" ","1885":" ","1886":" ","1887":" ","1888":" ","1889":" ","1890":" ","1891":" ","1892":" ","1893":"<","1894":"/","1895":"b","1896":"u","1897":"t","1898":"t","1899":"o","1900":"n","1901":">","1902":"\\","1903":"n","1904":" ","1905":" ","1906":" ","1907":" ","1908":" ","1909":" ","1910":" ","1911":" ","1912":"<","1913":"/","1914":"d","1915":"i","1916":"v","1917":">","1918":"\\","1919":"n","1920":" ","1921":" ","1922":" ","1923":" ","1924":" ","1925":" ","1926":"<","1927":"/","1928":"d","1929":"i","1930":"v","1931":">","1932":"\\","1933":"n","1934":" ","1935":" ","1936":" ","1937":" ","1938":"<","1939":"/","1940":"d","1941":"i","1942":"v","1943":">","1944":"\\","1945":"n","1946":"\\","1947":"n","1948":" ","1949":" ","1950":" ","1951":" ","1952":"<","1953":"!","1954":"-","1955":"-","1956":" ","1957":"抽","1958":"選","1959":"結","1960":"果","1961":"セ","1962":"ク","1963":"シ","1964":"ョ","1965":"ン","1966":" ","1967":"-","1968":"-","1969":">","1970":"\\","1971":"n","1972":" ","1973":" ","1974":" ","1975":" ","1976":"<","1977":"d","1978":"i","1979":"v","1980":" ","1981":"c","1982":"l","1983":"a","1984":"s","1985":"s","1986":"=","1987":"\\","1988":"\"","1989":"w","1990":"-","1991":"1","1992":"/","1993":"3","1994":" ","1995":"p","1996":"-","1997":"4","1998":" ","1999":"b","2000":"g","2001":"-","2002":"t","2003":"r","2004":"a","2005":"n","2006":"s","2007":"p","2008":"a","2009":"r","2010":"e","2011":"n","2012":"t","2013":"W","2014":"h","2015":"i","2016":"t","2017":"e","2018":" ","2019":"r","2020":"o","2021":"u","2022":"n","2023":"d","2024":"e","2025":"d","2026":"-","2027":"l","2028":"g","2029":"\\","2030":"\"","2031":">","2032":"\\","2033":"n","2034":" ","2035":" ","2036":" ","2037":" ","2038":" ","2039":" ","2040":"<","2041":"h","2042":"2","2043":" ","2044":"c","2045":"l","2046":"a","2047":"s","2048":"s","2049":"=","2050":"\\","2051":"\"","2052":"t","2053":"e","2054":"x","2055":"t","2056":"-","2057":"x","2058":"l","2059":" ","2060":"f","2061":"o","2062":"n","2063":"t","2064":"-","2065":"s","2066":"e","2067":"m","2068":"i","2069":"b","2070":"o","2071":"l","2072":"d","2073":" ","2074":"m","2075":"b","2076":"-","2077":"2","2078":"\\","2079":"\"","2080":">","2081":"抽","2082":"選","2083":"結","2084":"果","2085":"<","2086":"/","2087":"h","2088":"2","2089":">","2090":"\\","2091":"n","2092":" ","2093":" ","2094":" ","2095":" ","2096":" ","2097":" ","2098":"<","2099":"u","2100":"l","2101":">","2102":"\\","2103":"n","2104":" ","2105":" ","2106":" ","2107":" ","2108":" ","2109":" ","2110":" ","2111":" ","2112":"<","2113":"l","2114":"i","2115":" ","2116":"v","2117":"-","2118":"f","2119":"o","2120":"r","2121":"=","2122":"\\","2123":"\"","2124":"(","2125":"n","2126":"u","2127":"m","2128":"b","2129":"e","2130":"r","2131":",","2132":" ","2133":"i","2134":"n","2135":"d","2136":"e","2137":"x","2138":")","2139":" ","2140":"i","2141":"n","2142":" ","2143":"n","2144":"u","2145":"m","2146":"b","2147":"e","2148":"r","2149":"s","2150":"\\","2151":"\"","2152":" ","2153":":","2154":"k","2155":"e","2156":"y","2157":"=","2158":"\\","2159":"\"","2160":"i","2161":"n","2162":"d","2163":"e","2164":"x","2165":"\\","2166":"\"","2167":" ","2168":"c","2169":"l","2170":"a","2171":"s","2172":"s","2173":"=","2174":"\\","2175":"\"","2176":"t","2177":"e","2178":"x","2179":"t","2180":"-","2181":"l","2182":"e","2183":"f","2184":"t","2185":" ","2186":"m","2187":"y","2188":"-","2189":"2","2190":"\\","2191":"\"","2192":">","2193":"\\","2194":"n","2195":" ","2196":" ","2197":" ","2198":" ","2199":" ","2200":" ","2201":" ","2202":" ","2203":" ","2204":" ","2205":"{","2206":"{","2207":" ","2208":"n","2209":"u","2210":"m","2211":"b","2212":"e","2213":"r","2214":" ","2215":"}","2216":"}","2217":"\\","2218":"n","2219":" ","2220":" ","2221":" ","2222":" ","2223":" ","2224":" ","2225":" ","2226":" ","2227":"<","2228":"/","2229":"l","2230":"i","2231":">","2232":"\\","2233":"n","2234":" ","2235":" ","2236":" ","2237":" ","2238":" ","2239":" ","2240":"<","2241":"/","2242":"u","2243":"l","2244":">","2245":"\\","2246":"n","2247":" ","2248":" ","2249":" ","2250":" ","2251":"<","2252":"/","2253":"d","2254":"i","2255":"v","2256":">","2257":"\\","2258":"n","2259":" ","2260":" ","2261":"<","2262":"/","2263":"d","2264":"i","2265":"v","2266":">","2267":"\\","2268":"n","2269":"<","2270":"/","2271":"t","2272":"e","2273":"m","2274":"p","2275":"l","2276":"a","2277":"t","2278":"e","2279":">","2280":"\\","2281":"n","2282":"\\","2283":"n","2284":"<","2285":"s","2286":"t","2287":"y","2288":"l","2289":"e","2290":" ","2291":"s","2292":"c","2293":"o","2294":"p","2295":"e","2296":"d","2297":">","2298":"\\","2299":"n","2300":".","2301":"b","2302":"g","2303":"-","2304":"t","2305":"r","2306":"a","2307":"n","2308":"s","2309":"p","2310":"a","2311":"r","2312":"e","2313":"n","2314":"t","2315":"W","2316":"h","2317":"i","2318":"t","2319":"e","2320":" ","2321":"{","2322":"\\","2323":"n","2324":" ","2325":" ","2326":"b","2327":"a","2328":"c","2329":"k","2330":"g","2331":"r","2332":"o","2333":"u","2334":"n","2335":"d","2336":"-","2337":"c","2338":"o","2339":"l","2340":"o","2341":"r","2342":":","2343":" ","2344":"r","2345":"g","2346":"b","2347":"a","2348":"(","2349":"2","2350":"5","2351":"5","2352":",","2353":" ","2354":"2","2355":"5","2356":"5","2357":",","2358":" ","2359":"2","2360":"5","2361":"5","2362":",","2363":" ","2364":"0","2365":".","2366":"1","2367":")","2368":";","2369":"\\","2370":"n","2371":"}","2372":"\\","2373":"n","2374":"<","2375":"/","2376":"s","2377":"t","2378":"y","2379":"l","2380":"e","2381":">","2382":"\"","2383":"]","2384":"}"}}
,"/Users/urassh/Documents/NuxtProjects/lottery/pages/result.vue": {"path":"/Users/urassh/Documents/NuxtProjects/lottery/pages/result.vue","statementMap":{"0":{"start":{"line":3,"column":22},"end":{"line":7,"column":1}},"1":{"start":{"line":4,"column":2},"end":{"line":6,"column":4}},"2":{"start":{"line":8,"column":0},"end":{"line":10,"column":3}},"3":{"start":{"line":11,"column":12},"end":{"line":11,"column":26}},"4":{"start":{"line":12,"column":12},"end":{"line":12,"column":26}},"5":{"start":{"line":13,"column":24},"end":{"line":13,"column":67}},"6":{"start":{"line":14,"column":19},"end":{"line":14,"column":40}},"7":{"start":{"line":15,"column":0},"end":{"line":41,"column":3}},"8":{"start":{"line":18,"column":19},"end":{"line":18,"column":28}},"9":{"start":{"line":19,"column":4},"end":{"line":19,"column":15}},"10":{"start":{"line":20,"column":16},"end":{"line":20,"column":44}},"11":{"start":{"line":21,"column":23},"end":{"line":21,"column":50}},"12":{"start":{"line":22,"column":4},"end":{"line":30,"column":7}},"13":{"start":{"line":23,"column":6},"end":{"line":29,"column":9}},"14":{"start":{"line":31,"column":23},"end":{"line":34,"column":5}},"15":{"start":{"line":35,"column":4},"end":{"line":38,"column":7}},"16":{"start":{"line":39,"column":4},"end":{"line":39,"column":24}},"17":{"start":{"line":43,"column":0},"end":{"line":43,"column":62}},"18":{"start":{"line":44,"column":0},"end":{"line":44,"column":24}},"19":{"start":{"line":45,"column":12},"end":{"line":45,"column":26}},"20":{"start":{"line":46,"column":17},"end":{"line":46,"column":107}},"21":{"start":{"line":47,"column":17},"end":{"line":47,"column":92}},"22":{"start":{"line":48,"column":31},"end":{"line":48,"column":130}},"23":{"start":{"line":49,"column":17},"end":{"line":49,"column":47}},"24":{"start":{"line":51,"column":30},"end":{"line":51,"column":69}},"25":{"start":{"line":52,"column":4},"end":{"line":66,"column":8}},"26":{"start":{"line":60,"column":58},"end":{"line":62,"column":18}},"27":{"start":{"line":68,"column":1},"end":{"line":68,"column":48}}},"fnMap":{"0":{"name":"(anonymous_0)","decl":{"start":{"line":3,"column":54},"end":{"line":3,"column":55}},"loc":{"start":{"line":3,"column":69},"end":{"line":7,"column":1}},"line":3},"1":{"name":"(anonymous_1)","decl":{"start":{"line":17,"column":9},"end":{"line":17,"column":10}},"loc":{"start":{"line":17,"column":32},"end":{"line":40,"column":3}},"line":17},"2":{"name":"(anonymous_2)","decl":{"start":{"line":22,"column":25},"end":{"line":22,"column":26}},"loc":{"start":{"line":22,"column":37},"end":{"line":30,"column":5}},"line":22},"3":{"name":"render","decl":{"start":{"line":50,"column":9},"end":{"line":50,"column":15}},"loc":{"start":{"line":50,"column":63},"end":{"line":67,"column":1}},"line":50},"4":{"name":"(anonymous_4)","decl":{"start":{"line":60,"column":44},"end":{"line":60,"column":45}},"loc":{"start":{"line":60,"column":56},"end":{"line":62,"column":20}},"line":60}},"branchMap":{"0":{"loc":{"start":{"line":3,"column":22},"end":{"line":7,"column":1}},"type":"binary-expr","locations":[{"start":{"line":3,"column":22},"end":{"line":3,"column":26}},{"start":{"line":3,"column":30},"end":{"line":3,"column":50}},{"start":{"line":3,"column":54},"end":{"line":7,"column":1}}],"line":3},"1":{"loc":{"start":{"line":4,"column":9},"end":{"line":6,"column":3}},"type":"cond-expr","locations":[{"start":{"line":4,"column":33},"end":{"line":4,"column":36}},{"start":{"line":4,"column":39},"end":{"line":6,"column":3}}],"line":4},"2":{"loc":{"start":{"line":4,"column":9},"end":{"line":4,"column":30}},"type":"binary-expr","locations":[{"start":{"line":4,"column":9},"end":{"line":4,"column":12}},{"start":{"line":4,"column":16},"end":{"line":4,"column":30}}],"line":4},"3":{"loc":{"start":{"line":21,"column":23},"end":{"line":21,"column":50}},"type":"binary-expr","locations":[{"start":{"line":21,"column":23},"end":{"line":21,"column":41}},{"start":{"line":21,"column":45},"end":{"line":21,"column":50}}],"line":21}},"s":{"0":0,"1":0,"2":0,"3":0,"4":0,"5":0,"6":0,"7":0,"8":0,"9":0,"10":0,"11":0,"12":0,"13":0,"14":0,"15":0,"16":0,"17":0,"18":0,"19":0,"20":0,"21":0,"22":0,"23":0,"24":0,"25":0,"26":0,"27":0},"f":{"0":0,"1":0,"2":0,"3":0,"4":0},"b":{"0":[0,0,0],"1":[0,0],"2":[0,0],"3":[0,0]},"inputSourceMap":{"0":"{","1":"\"","2":"v","3":"e","4":"r","5":"s","6":"i","7":"o","8":"n","9":"\"","10":":","11":"3","12":",","13":"\"","14":"s","15":"o","16":"u","17":"r","18":"c","19":"e","20":"s","21":"\"","22":":","23":"[","24":"\"","25":"/","26":"U","27":"s","28":"e","29":"r","30":"s","31":"/","32":"u","33":"r","34":"a","35":"s","36":"s","37":"h","38":"/","39":"D","40":"o","41":"c","42":"u","43":"m","44":"e","45":"n","46":"t","47":"s","48":"/","49":"N","50":"u","51":"x","52":"t","53":"P","54":"r","55":"o","56":"j","57":"e","58":"c","59":"t","60":"s","61":"/","62":"l","63":"o","64":"t","65":"t","66":"e","67":"r","68":"y","69":"/","70":"p","71":"a","72":"g","73":"e","74":"s","75":"/","76":"r","77":"e","78":"s","79":"u","80":"l","81":"t","82":".","83":"v","84":"u","85":"e","86":"\"","87":"]","88":",","89":"\"","90":"n","91":"a","92":"m","93":"e","94":"s","95":"\"","96":":","97":"[","98":"]","99":",","100":"\"","101":"m","102":"a","103":"p","104":"p","105":"i","106":"n","107":"g","108":"s","109":"\"","110":":","111":"\"","112":";","113":";","114":"A","115":"A","116":"C","117":"A","118":",","119":"I","120":"A","121":"A","122":"I","123":",","124":"e","125":"A","126":"A","127":"e","128":",","129":"G","130":"A","131":"A","132":"I","133":",","134":"I","135":"A","136":"A","137":"I","138":",","139":"I","140":"A","141":"A","142":"I","143":",","144":"I","145":"A","146":"A","147":"I","148":",","149":"C","150":"A","151":"A","152":"C","153":",","154":"e","155":"A","156":"A","157":"e","158":",","159":"I","160":"A","161":"A","162":"K","163":",","164":"U","165":"A","166":"A","167":"U","168":",","169":"G","170":"A","171":"A","172":"G","173":",","174":"E","175":"A","176":"A","177":"E","178":";","179":"E","180":"A","181":"C","182":"n","183":"E","184":",","185":"O","186":"A","187":"A","188":"Q","189":",","190":"G","191":"A","192":"A","193":"G","194":",","195":"I","196":"A","197":"A","198":"I","199":",","200":"G","201":"A","202":"A","203":"G","204":",","205":"C","206":"A","207":"A","208":"C","209":",","210":"U","211":"A","212":"A","213":"U","214":",","215":"G","216":"A","217":"A","218":"I","219":",","220":"G","221":"A","222":"A","223":"G","224":",","225":"G","226":"A","227":"A","228":"G","229":";","230":"I","231":"A","232":"A","233":"E","234":",","235":"S","236":"A","237":"A","238":"S","239":",","240":"E","241":"A","242":"A","243":"E","244":";","245":"E","246":"A","247":"A","248":"I","249":",","250":"C","251":"A","252":"A","253":"C","254":";","255":"A","256":"A","257":"C","258":"7","259":"D","260":",","261":"C","262":"A","263":"A","264":"C","265":";","266":"A","267":"A","268":"C","269":"D","270":",","271":"M","272":"A","273":"A","274":"M","275":",","276":"C","277":"A","278":"A","279":"C","280":",","281":"c","282":"A","283":"A","284":"c","285":",","286":"C","287":"A","288":"A","289":"C","290":",","291":"O","292":"A","293":"A","294":"O","295":",","296":"E","297":"A","298":"A","299":"E","300":",","301":"Y","302":"A","303":"A","304":"Y","305":",","306":"E","307":"A","308":"A","309":"E","310":";","311":"E","312":"A","313":"A","314":"E","315":",","316":"K","317":"A","318":"A","319":"K","320":",","321":"E","322":"A","323":"A","324":"E","325":";","326":"A","327":"A","328":"A","329":"K","330":",","331":"C","332":"A","333":"A","334":"C","335":",","336":"C","337":"A","338":"A","339":"C","340":";","341":";","342":";","343":";","344":";","345":";","346":"E","347":"A","348":"J","349":"z","350":"D","351":",","352":"M","353":"A","354":"A","355":"M","356":",","357":"E","358":"A","359":"A","360":"E","361":",","362":"Q","363":"A","364":"A","365":"Q","366":";","367":"E","368":"A","369":"K","370":"h","371":"B","372":",","373":"K","374":"A","375":"A","376":"K","377":",","378":"E","379":"A","380":"A","381":"E","382":",","383":"U","384":"A","385":"A","386":"U","387":",","388":"O","389":"A","390":"A","391":"O","392":",","393":"E","394":"A","395":"A","396":"E","397":",","398":"E","399":"A","400":"A","401":"E","402":",","403":"E","404":"A","405":"A","406":"E","407":";","408":"I","409":"A","410":"C","411":"1","412":"B","413":",","414":"I","415":"A","416":"A","417":"I","418":",","419":"Q","420":"A","421":"A","422":"Q","423":",","424":"G","425":"A","426":"A","427":"G","428":",","429":"E","430":"A","431":"A","432":"E","433":",","434":"C","435":"A","436":"A","437":"C","438":",","439":"M","440":"A","441":"A","442":"M","443":";","444":"I","445":"A","446":"C","447":"x","448":"B","449":",","450":"Q","451":"A","452":"A","453":"Q","454":",","455":"C","456":"A","457":"A","458":"C","459":",","460":"C","461":"A","462":"A","463":"C","464":";","465":"I","466":"A","467":"C","468":"V","469":",","470":"I","471":"A","472":"A","473":"I","474":",","475":"K","476":"A","477":"A","478":"K","479":",","480":"G","481":"A","482":"A","483":"G","484":",","485":"C","486":"A","487":"A","488":"C","489":",","490":"C","491":"A","492":"A","493":"C","494":",","495":"E","496":"A","497":"A","498":"E","499":",","500":"Y","501":"A","502":"A","503":"Y","504":",","505":"C","506":"A","507":"A","508":"C","509":",","510":"Q","511":"A","512":"A","513":"Q","514":",","515":"E","516":"A","517":"A","518":"E","519":",","520":"C","521":"A","522":"A","523":"C","524":";","525":"I","526":"A","527":"C","528":"x","529":"C","530":",","531":"I","532":"A","533":"A","534":"I","535":",","536":"Y","537":"A","538":"A","539":"Y","540":",","541":"G","542":"A","543":"A","544":"G","545":",","546":"K","547":"A","548":"A","549":"K","550":",","551":"C","552":"A","553":"A","554":"C","555":",","556":"K","557":"A","558":"A","559":"K","560":",","561":"C","562":"A","563":"A","564":"C","565":",","566":"M","567":"A","568":"A","569":"M","570":",","571":"I","572":"A","573":"A","574":"I","575":",","576":"K","577":"A","578":"A","579":"K","580":";","581":"I","582":"A","583":"C","584":"9","585":"C","586":",","587":"C","588":"A","589":"A","590":"C","591":",","592":"C","593":"A","594":"A","595":"C","596":",","597":"E","598":"A","599":"A","600":"E","601":",","602":"K","603":"A","604":"A","605":"K","606":",","607":"C","608":"A","609":"A","610":"C","611":",","612":"S","613":"A","614":"A","615":"S","616":",","617":"E","618":"A","619":"A","620":"E","621":",","622":"Y","623":"A","624":"A","625":"Y","626":";","627":"M","628":"A","629":"C","630":"7","631":"B","632":",","633":"C","634":"A","635":"A","636":"C","637":",","638":"C","639":"A","640":"A","641":"C","642":",","643":"E","644":"A","645":"A","646":"E","647":",","648":"i","649":"B","650":"A","651":"A","652":"i","653":"B","654":",","655":"C","656":"A","657":"A","658":"C","659":",","660":"O","661":"A","662":"A","663":"O","664":",","665":"E","666":"A","667":"A","668":"E","669":";","670":"Q","671":"A","672":"C","673":"3","674":"B","675":",","676":"a","677":"A","678":"A","679":"a","680":",","681":"E","682":"A","683":"A","684":"E","685":",","686":"G","687":"A","688":"A","689":"G","690":";","691":"Q","692":"A","693":"C","694":"l","695":"B","696":",","697":"M","698":"A","699":"A","700":"M","701":",","702":"E","703":"A","704":"A","705":"E","706":",","707":"E","708":"A","709":"A","710":"E","711":";","712":"Q","713":"A","714":"C","715":"V","716":",","717":"M","718":"A","719":"A","720":"M","721":",","722":"E","723":"A","724":"A","725":"E","726":";","727":"U","728":"A","729":"A","730":"E","731":",","732":"C","733":"A","734":"A","735":"C","736":",","737":"E","738":"A","739":"A","740":"E","741":";","742":"Q","743":"A","744":"A","745":"I","746":"\"","747":",","748":"\"","749":"f","750":"i","751":"l","752":"e","753":"\"","754":":","755":"\"","756":"/","757":"U","758":"s","759":"e","760":"r","761":"s","762":"/","763":"u","764":"r","765":"a","766":"s","767":"s","768":"h","769":"/","770":"D","771":"o","772":"c","773":"u","774":"m","775":"e","776":"n","777":"t","778":"s","779":"/","780":"N","781":"u","782":"x","783":"t","784":"P","785":"r","786":"o","787":"j","788":"e","789":"c","790":"t","791":"s","792":"/","793":"l","794":"o","795":"t","796":"t","797":"e","798":"r","799":"y","800":"/","801":"p","802":"a","803":"g","804":"e","805":"s","806":"/","807":"r","808":"e","809":"s","810":"u","811":"l","812":"t","813":".","814":"v","815":"u","816":"e","817":"\"","818":",","819":"\"","820":"s","821":"o","822":"u","823":"r","824":"c","825":"e","826":"s","827":"C","828":"o","829":"n","830":"t","831":"e","832":"n","833":"t","834":"\"","835":":","836":"[","837":"\"","838":"<","839":"s","840":"c","841":"r","842":"i","843":"p","844":"t","845":" ","846":"s","847":"e","848":"t","849":"u","850":"p","851":" ","852":"l","853":"a","854":"n","855":"g","856":"=","857":"\\","858":"\"","859":"t","860":"s","861":"\\","862":"\"","863":">","864":"\\","865":"n","866":"i","867":"m","868":"p","869":"o","870":"r","871":"t","872":" ","873":"{","874":" ","875":"o","876":"n","877":"M","878":"o","879":"u","880":"n","881":"t","882":"e","883":"d","884":" ","885":"}","886":" ","887":"f","888":"r","889":"o","890":"m","891":" ","892":"'","893":"v","894":"u","895":"e","896":"'","897":"\\","898":"n","899":"i","900":"m","901":"p","902":"o","903":"r","904":"t","905":" ","906":"c","907":"o","908":"n","909":"f","910":"e","911":"t","912":"t","913":"i","914":" ","915":"f","916":"r","917":"o","918":"m","919":" ","920":"'","921":"c","922":"a","923":"n","924":"v","925":"a","926":"s","927":"-","928":"c","929":"o","930":"n","931":"f","932":"e","933":"t","934":"t","935":"i","936":"'","937":"\\","938":"n","939":"i","940":"m","941":"p","942":"o","943":"r","944":"t","945":" ","946":"{","947":" ","948":"u","949":"s","950":"e","951":"R","952":"o","953":"u","954":"t","955":"e","956":" ","957":"}","958":" ","959":"f","960":"r","961":"o","962":"m","963":" ","964":"'","965":"v","966":"u","967":"e","968":"-","969":"r","970":"o","971":"u","972":"t","973":"e","974":"r","975":"'","976":"\\","977":"n","978":"\\","979":"n","980":"c","981":"o","982":"n","983":"s","984":"t","985":" ","986":"r","987":"o","988":"u","989":"t","990":"e","991":" ","992":"=","993":" ","994":"u","995":"s","996":"e","997":"R","998":"o","999":"u","1000":"t","1001":"e","1002":"(","1003":")","1004":"\\","1005":"n","1006":"c","1007":"o","1008":"n","1009":"s","1010":"t","1011":" ","1012":"r","1013":"e","1014":"s","1015":"u","1016":"l","1017":"t","1018":"N","1019":"u","1020":"m","1021":"b","1022":"e","1023":"r","1024":" ","1025":"=","1026":" ","1027":"r","1028":"o","1029":"u","1030":"t","1031":"e","1032":".","1033":"q","1034":"u","1035":"e","1036":"r","1037":"y","1038":".","1039":"n","1040":"u","1041":"m","1042":"b","1043":"e","1044":"r","1045":" ","1046":"|","1047":"|","1048":" ","1049":"'","1050":"0","1051":"0","1052":"0","1053":"'","1054":"\\","1055":"n","1056":"\\","1057":"n","1058":"o","1059":"n","1060":"M","1061":"o","1062":"u","1063":"n","1064":"t","1065":"e","1066":"d","1067":"(","1068":"(","1069":")","1070":" ","1071":"=","1072":">","1073":" ","1074":"{","1075":"\\","1076":"n","1077":" ","1078":" ","1079":"c","1080":"o","1081":"n","1082":"f","1083":"e","1084":"t","1085":"t","1086":"i","1087":"(","1088":"{","1089":"\\","1090":"n","1091":" ","1092":" ","1093":" ","1094":" ","1095":"p","1096":"a","1097":"r","1098":"t","1099":"i","1100":"c","1101":"l","1102":"e","1103":"C","1104":"o","1105":"u","1106":"n","1107":"t","1108":":","1109":" ","1110":"4","1111":"0","1112":"0","1113":",","1114":"\\","1115":"n","1116":" ","1117":" ","1118":" ","1119":" ","1120":"s","1121":"p","1122":"r","1123":"e","1124":"a","1125":"d","1126":":","1127":" ","1128":"8","1129":"0","1130":",","1131":"\\","1132":"n","1133":" ","1134":" ","1135":" ","1136":" ","1137":"o","1138":"r","1139":"i","1140":"g","1141":"i","1142":"n","1143":":","1144":" ","1145":"{","1146":" ","1147":"y","1148":":","1149":" ","1150":"0","1151":".","1152":"8","1153":" ","1154":"}","1155":"\\","1156":"n","1157":" ","1158":" ","1159":"}","1160":")","1161":"\\","1162":"n","1163":"}","1164":")","1165":"\\","1166":"n","1167":"<","1168":"/","1169":"s","1170":"c","1171":"r","1172":"i","1173":"p","1174":"t","1175":">","1176":"\\","1177":"n","1178":"\\","1179":"n","1180":"<","1181":"t","1182":"e","1183":"m","1184":"p","1185":"l","1186":"a","1187":"t","1188":"e","1189":">","1190":"\\","1191":"n","1192":" ","1193":" ","1194":"<","1195":"d","1196":"i","1197":"v","1198":" ","1199":"c","1200":"l","1201":"a","1202":"s","1203":"s","1204":"=","1205":"\\","1206":"\"","1207":"m","1208":"i","1209":"n","1210":"-","1211":"h","1212":"-","1213":"s","1214":"c","1215":"r","1216":"e","1217":"e","1218":"n","1219":" ","1220":"b","1221":"g","1222":"-","1223":"g","1224":"r","1225":"a","1226":"y","1227":"-","1228":"9","1229":"0","1230":"0","1231":" ","1232":"t","1233":"e","1234":"x","1235":"t","1236":"-","1237":"w","1238":"h","1239":"i","1240":"t","1241":"e","1242":" ","1243":"f","1244":"l","1245":"e","1246":"x","1247":" ","1248":"f","1249":"l","1250":"e","1251":"x","1252":"-","1253":"c","1254":"o","1255":"l","1256":" ","1257":"i","1258":"t","1259":"e","1260":"m","1261":"s","1262":"-","1263":"c","1264":"e","1265":"n","1266":"t","1267":"e","1268":"r","1269":" ","1270":"j","1271":"u","1272":"s","1273":"t","1274":"i","1275":"f","1276":"y","1277":"-","1278":"c","1279":"e","1280":"n","1281":"t","1282":"e","1283":"r","1284":"\\","1285":"\"","1286":">","1287":"\\","1288":"n","1289":" ","1290":" ","1291":" ","1292":" ","1293":"<","1294":"d","1295":"i","1296":"v","1297":" ","1298":"c","1299":"l","1300":"a","1301":"s","1302":"s","1303":"=","1304":"\\","1305":"\"","1306":"w","1307":"-","1308":"f","1309":"u","1310":"l","1311":"l","1312":" ","1313":"m","1314":"a","1315":"x","1316":"-","1317":"w","1318":"-","1319":"m","1320":"d","1321":" ","1322":"p","1323":"-","1324":"4","1325":" ","1326":"b","1327":"g","1328":"-","1329":"t","1330":"r","1331":"a","1332":"n","1333":"s","1334":"p","1335":"a","1336":"r","1337":"e","1338":"n","1339":"t","1340":"W","1341":"h","1342":"i","1343":"t","1344":"e","1345":" ","1346":"r","1347":"o","1348":"u","1349":"n","1350":"d","1351":"e","1352":"d","1353":"-","1354":"l","1355":"g","1356":" ","1357":"t","1358":"e","1359":"x","1360":"t","1361":"-","1362":"c","1363":"e","1364":"n","1365":"t","1366":"e","1367":"r","1368":"\\","1369":"\"","1370":">","1371":"\\","1372":"n","1373":" ","1374":" ","1375":" ","1376":" ","1377":" ","1378":" ","1379":"<","1380":"h","1381":"2","1382":" ","1383":"c","1384":"l","1385":"a","1386":"s","1387":"s","1388":"=","1389":"\\","1390":"\"","1391":"t","1392":"e","1393":"x","1394":"t","1395":"-","1396":"3","1397":"x","1398":"l","1399":" ","1400":"f","1401":"o","1402":"n","1403":"t","1404":"-","1405":"b","1406":"o","1407":"l","1408":"d","1409":" ","1410":"m","1411":"b","1412":"-","1413":"1","1414":"\\","1415":"\"","1416":">","1417":"抽","1418":"選","1419":"結","1420":"果","1421":"<","1422":"/","1423":"h","1424":"2","1425":">","1426":"\\","1427":"n","1428":" ","1429":" ","1430":" ","1431":" ","1432":" ","1433":" ","1434":"<","1435":"p","1436":" ","1437":"c","1438":"l","1439":"a","1440":"s","1441":"s","1442":"=","1443":"\\","1444":"\"","1445":"t","1446":"e","1447":"x","1448":"t","1449":"-","1450":"[","1451":"2","1452":"0","1453":"0","1454":"p","1455":"x","1456":"]","1457":" ","1458":"m","1459":"b","1460":"-","1461":"8","1462":"\\","1463":"\"","1464":">","1465":"{","1466":"{","1467":" ","1468":"r","1469":"e","1470":"s","1471":"u","1472":"l","1473":"t","1474":"N","1475":"u","1476":"m","1477":"b","1478":"e","1479":"r","1480":" ","1481":"}","1482":"}","1483":"<","1484":"/","1485":"p","1486":">","1487":"\\","1488":"n","1489":" ","1490":" ","1491":" ","1492":" ","1493":" ","1494":" ","1495":"<","1496":"N","1497":"u","1498":"x","1499":"t","1500":"L","1501":"i","1502":"n","1503":"k","1504":" ","1505":"t","1506":"o","1507":"=","1508":"\\","1509":"\"","1510":"/","1511":"\\","1512":"\"","1513":" ","1514":"c","1515":"l","1516":"a","1517":"s","1518":"s","1519":"=","1520":"\\","1521":"\"","1522":"b","1523":"g","1524":"-","1525":"p","1526":"i","1527":"n","1528":"k","1529":"-","1530":"5","1531":"0","1532":"0","1533":" ","1534":"h","1535":"o","1536":"v","1537":"e","1538":"r","1539":":","1540":"b","1541":"g","1542":"-","1543":"p","1544":"i","1545":"n","1546":"k","1547":"-","1548":"7","1549":"0","1550":"0","1551":" ","1552":"t","1553":"e","1554":"x","1555":"t","1556":"-","1557":"w","1558":"h","1559":"i","1560":"t","1561":"e","1562":" ","1563":"f","1564":"o","1565":"n","1566":"t","1567":"-","1568":"b","1569":"o","1570":"l","1571":"d","1572":" ","1573":"p","1574":"y","1575":"-","1576":"2","1577":" ","1578":"p","1579":"x","1580":"-","1581":"4","1582":" ","1583":"r","1584":"o","1585":"u","1586":"n","1587":"d","1588":"e","1589":"d","1590":"\\","1591":"\"","1592":">","1593":"\\","1594":"n","1595":" ","1596":" ","1597":" ","1598":" ","1599":" ","1600":" ","1601":" ","1602":" ","1603":"戻","1604":"る","1605":"\\","1606":"n","1607":" ","1608":" ","1609":" ","1610":" ","1611":" ","1612":" ","1613":"<","1614":"/","1615":"N","1616":"u","1617":"x","1618":"t","1619":"L","1620":"i","1621":"n","1622":"k","1623":">","1624":"\\","1625":"n","1626":" ","1627":" ","1628":" ","1629":" ","1630":"<","1631":"/","1632":"d","1633":"i","1634":"v","1635":">","1636":"\\","1637":"n","1638":" ","1639":" ","1640":"<","1641":"/","1642":"d","1643":"i","1644":"v","1645":">","1646":"\\","1647":"n","1648":"<","1649":"/","1650":"t","1651":"e","1652":"m","1653":"p","1654":"l","1655":"a","1656":"t","1657":"e","1658":">","1659":"\\","1660":"n","1661":"\\","1662":"n","1663":"<","1664":"s","1665":"t","1666":"y","1667":"l","1668":"e","1669":" ","1670":"s","1671":"c","1672":"o","1673":"p","1674":"e","1675":"d","1676":">","1677":"\\","1678":"n","1679":".","1680":"b","1681":"g","1682":"-","1683":"t","1684":"r","1685":"a","1686":"n","1687":"s","1688":"p","1689":"a","1690":"r","1691":"e","1692":"n","1693":"t","1694":"W","1695":"h","1696":"i","1697":"t","1698":"e","1699":" ","1700":"{","1701":"\\","1702":"n","1703":" ","1704":" ","1705":"b","1706":"a","1707":"c","1708":"k","1709":"g","1710":"r","1711":"o","1712":"u","1713":"n","1714":"d","1715":"-","1716":"c","1717":"o","1718":"l","1719":"o","1720":"r","1721":":","1722":" ","1723":"r","1724":"g","1725":"b","1726":"a","1727":"(","1728":"2","1729":"5","1730":"5","1731":",","1732":" ","1733":"2","1734":"5","1735":"5","1736":",","1737":" ","1738":"2","1739":"5","1740":"5","1741":",","1742":" ","1743":"0","1744":".","1745":"1","1746":")","1747":";","1748":"\\","1749":"n","1750":"}","1751":"\\","1752":"n","1753":"<","1754":"/","1755":"s","1756":"t","1757":"y","1758":"l","1759":"e","1760":">","1761":"\"","1762":"]","1763":"}"}}
}
